INFO - 2023-05-06 00:51:41 --> Session: Class initialized using 'CodeIgniter\Session\Handlers\FileHandler' driver.
WARNING - 2023-05-06 01:01:38 --> [DEPRECATED] Creation of dynamic property App\Controllers\Auth::$ModelAuth is deprecated in APPPATH\Controllers\Auth.php on line 15.
 1 SYSTEMPATH\CodeIgniter.php(906): App\Controllers\Auth->__construct()
 2 SYSTEMPATH\CodeIgniter.php(490): CodeIgniter\CodeIgniter->createController()
 3 SYSTEMPATH\CodeIgniter.php(368): CodeIgniter\CodeIgniter->handleRequest(null, Object(Config\Cache), false)
 4 FCPATH\index.php(67): CodeIgniter\CodeIgniter->run()
 5 SYSTEMPATH\Commands\Server\rewrite.php(47): require_once('C:\\xampp\\htdocs\\ppdb_online_ci4\\public\\index.php')
WARNING - 2023-05-06 01:01:38 --> [DEPRECATED] Creation of dynamic property App\Controllers\Auth::$ModelTa is deprecated in APPPATH\Controllers\Auth.php on line 16.
 1 SYSTEMPATH\CodeIgniter.php(906): App\Controllers\Auth->__construct()
 2 SYSTEMPATH\CodeIgniter.php(490): CodeIgniter\CodeIgniter->createController()
 3 SYSTEMPATH\CodeIgniter.php(368): CodeIgniter\CodeIgniter->handleRequest(null, Object(Config\Cache), false)
 4 FCPATH\index.php(67): CodeIgniter\CodeIgniter->run()
 5 SYSTEMPATH\Commands\Server\rewrite.php(47): require_once('C:\\xampp\\htdocs\\ppdb_online_ci4\\public\\index.php')
WARNING - 2023-05-06 01:01:38 --> [DEPRECATED] Creation of dynamic property App\Controllers\Auth::$ModelPendaftaran is deprecated in APPPATH\Controllers\Auth.php on line 17.
 1 SYSTEMPATH\CodeIgniter.php(906): App\Controllers\Auth->__construct()
 2 SYSTEMPATH\CodeIgniter.php(490): CodeIgniter\CodeIgniter->createController()
 3 SYSTEMPATH\CodeIgniter.php(368): CodeIgniter\CodeIgniter->handleRequest(null, Object(Config\Cache), false)
 4 FCPATH\index.php(67): CodeIgniter\CodeIgniter->run()
 5 SYSTEMPATH\Commands\Server\rewrite.php(47): require_once('C:\\xampp\\htdocs\\ppdb_online_ci4\\public\\index.php')
INFO - 2023-05-06 01:01:38 --> Session: Class initialized using 'CodeIgniter\Session\Handlers\FileHandler' driver.
INFO - 2023-05-06 01:01:55 --> Session: Class initialized using 'CodeIgniter\Session\Handlers\FileHandler' driver.
WARNING - 2023-05-06 01:01:57 --> [DEPRECATED] Creation of dynamic property App\Controllers\Daftar::$ModelTa is deprecated in APPPATH\Controllers\Daftar.php on line 14.
 1 SYSTEMPATH\CodeIgniter.php(906): App\Controllers\Daftar->__construct()
 2 SYSTEMPATH\CodeIgniter.php(490): CodeIgniter\CodeIgniter->createController()
 3 SYSTEMPATH\CodeIgniter.php(368): CodeIgniter\CodeIgniter->handleRequest(null, Object(Config\Cache), false)
 4 FCPATH\index.php(67): CodeIgniter\CodeIgniter->run()
 5 SYSTEMPATH\Commands\Server\rewrite.php(47): require_once('C:\\xampp\\htdocs\\ppdb_online_ci4\\public\\index.php')
WARNING - 2023-05-06 01:01:57 --> [DEPRECATED] Creation of dynamic property App\Controllers\Daftar::$ModelPendaftaran is deprecated in APPPATH\Controllers\Daftar.php on line 15.
 1 SYSTEMPATH\CodeIgniter.php(906): App\Controllers\Daftar->__construct()
 2 SYSTEMPATH\CodeIgniter.php(490): CodeIgniter\CodeIgniter->createController()
 3 SYSTEMPATH\CodeIgniter.php(368): CodeIgniter\CodeIgniter->handleRequest(null, Object(Config\Cache), false)
 4 FCPATH\index.php(67): CodeIgniter\CodeIgniter->run()
 5 SYSTEMPATH\Commands\Server\rewrite.php(47): require_once('C:\\xampp\\htdocs\\ppdb_online_ci4\\public\\index.php')
INFO - 2023-05-06 01:01:57 --> Session: Class initialized using 'CodeIgniter\Session\Handlers\FileHandler' driver.
WARNING - 2023-05-06 01:06:24 --> [DEPRECATED] Creation of dynamic property App\Controllers\Daftar::$ModelTa is deprecated in APPPATH\Controllers\Daftar.php on line 14.
 1 SYSTEMPATH\CodeIgniter.php(906): App\Controllers\Daftar->__construct()
 2 SYSTEMPATH\CodeIgniter.php(490): CodeIgniter\CodeIgniter->createController()
 3 SYSTEMPATH\CodeIgniter.php(368): CodeIgniter\CodeIgniter->handleRequest(null, Object(Config\Cache), false)
 4 FCPATH\index.php(67): CodeIgniter\CodeIgniter->run()
 5 SYSTEMPATH\Commands\Server\rewrite.php(47): require_once('C:\\xampp\\htdocs\\ppdb_online_ci4\\public\\index.php')
WARNING - 2023-05-06 01:06:24 --> [DEPRECATED] Creation of dynamic property App\Controllers\Daftar::$ModelPendaftaran is deprecated in APPPATH\Controllers\Daftar.php on line 15.
 1 SYSTEMPATH\CodeIgniter.php(906): App\Controllers\Daftar->__construct()
 2 SYSTEMPATH\CodeIgniter.php(490): CodeIgniter\CodeIgniter->createController()
 3 SYSTEMPATH\CodeIgniter.php(368): CodeIgniter\CodeIgniter->handleRequest(null, Object(Config\Cache), false)
 4 FCPATH\index.php(67): CodeIgniter\CodeIgniter->run()
 5 SYSTEMPATH\Commands\Server\rewrite.php(47): require_once('C:\\xampp\\htdocs\\ppdb_online_ci4\\public\\index.php')
INFO - 2023-05-06 01:06:24 --> Session: Class initialized using 'CodeIgniter\Session\Handlers\FileHandler' driver.
WARNING - 2023-05-06 01:06:27 --> [DEPRECATED] Creation of dynamic property App\Controllers\Auth::$ModelAuth is deprecated in APPPATH\Controllers\Auth.php on line 15.
 1 SYSTEMPATH\CodeIgniter.php(906): App\Controllers\Auth->__construct()
 2 SYSTEMPATH\CodeIgniter.php(490): CodeIgniter\CodeIgniter->createController()
 3 SYSTEMPATH\CodeIgniter.php(368): CodeIgniter\CodeIgniter->handleRequest(null, Object(Config\Cache), false)
 4 FCPATH\index.php(67): CodeIgniter\CodeIgniter->run()
 5 SYSTEMPATH\Commands\Server\rewrite.php(47): require_once('C:\\xampp\\htdocs\\ppdb_online_ci4\\public\\index.php')
WARNING - 2023-05-06 01:06:27 --> [DEPRECATED] Creation of dynamic property App\Controllers\Auth::$ModelTa is deprecated in APPPATH\Controllers\Auth.php on line 16.
 1 SYSTEMPATH\CodeIgniter.php(906): App\Controllers\Auth->__construct()
 2 SYSTEMPATH\CodeIgniter.php(490): CodeIgniter\CodeIgniter->createController()
 3 SYSTEMPATH\CodeIgniter.php(368): CodeIgniter\CodeIgniter->handleRequest(null, Object(Config\Cache), false)
 4 FCPATH\index.php(67): CodeIgniter\CodeIgniter->run()
 5 SYSTEMPATH\Commands\Server\rewrite.php(47): require_once('C:\\xampp\\htdocs\\ppdb_online_ci4\\public\\index.php')
WARNING - 2023-05-06 01:06:27 --> [DEPRECATED] Creation of dynamic property App\Controllers\Auth::$ModelPendaftaran is deprecated in APPPATH\Controllers\Auth.php on line 17.
 1 SYSTEMPATH\CodeIgniter.php(906): App\Controllers\Auth->__construct()
 2 SYSTEMPATH\CodeIgniter.php(490): CodeIgniter\CodeIgniter->createController()
 3 SYSTEMPATH\CodeIgniter.php(368): CodeIgniter\CodeIgniter->handleRequest(null, Object(Config\Cache), false)
 4 FCPATH\index.php(67): CodeIgniter\CodeIgniter->run()
 5 SYSTEMPATH\Commands\Server\rewrite.php(47): require_once('C:\\xampp\\htdocs\\ppdb_online_ci4\\public\\index.php')
INFO - 2023-05-06 01:06:27 --> Session: Class initialized using 'CodeIgniter\Session\Handlers\FileHandler' driver.
WARNING - 2023-05-06 01:10:14 --> [DEPRECATED] Creation of dynamic property App\Controllers\Auth::$ModelAuth is deprecated in APPPATH\Controllers\Auth.php on line 15.
 1 SYSTEMPATH\CodeIgniter.php(906): App\Controllers\Auth->__construct()
 2 SYSTEMPATH\CodeIgniter.php(490): CodeIgniter\CodeIgniter->createController()
 3 SYSTEMPATH\CodeIgniter.php(368): CodeIgniter\CodeIgniter->handleRequest(null, Object(Config\Cache), false)
 4 FCPATH\index.php(67): CodeIgniter\CodeIgniter->run()
 5 SYSTEMPATH\Commands\Server\rewrite.php(47): require_once('C:\\xampp\\htdocs\\ppdb_online_ci4\\public\\index.php')
WARNING - 2023-05-06 01:10:14 --> [DEPRECATED] Creation of dynamic property App\Controllers\Auth::$ModelTa is deprecated in APPPATH\Controllers\Auth.php on line 16.
 1 SYSTEMPATH\CodeIgniter.php(906): App\Controllers\Auth->__construct()
 2 SYSTEMPATH\CodeIgniter.php(490): CodeIgniter\CodeIgniter->createController()
 3 SYSTEMPATH\CodeIgniter.php(368): CodeIgniter\CodeIgniter->handleRequest(null, Object(Config\Cache), false)
 4 FCPATH\index.php(67): CodeIgniter\CodeIgniter->run()
 5 SYSTEMPATH\Commands\Server\rewrite.php(47): require_once('C:\\xampp\\htdocs\\ppdb_online_ci4\\public\\index.php')
WARNING - 2023-05-06 01:10:14 --> [DEPRECATED] Creation of dynamic property App\Controllers\Auth::$ModelPendaftaran is deprecated in APPPATH\Controllers\Auth.php on line 17.
 1 SYSTEMPATH\CodeIgniter.php(906): App\Controllers\Auth->__construct()
 2 SYSTEMPATH\CodeIgniter.php(490): CodeIgniter\CodeIgniter->createController()
 3 SYSTEMPATH\CodeIgniter.php(368): CodeIgniter\CodeIgniter->handleRequest(null, Object(Config\Cache), false)
 4 FCPATH\index.php(67): CodeIgniter\CodeIgniter->run()
 5 SYSTEMPATH\Commands\Server\rewrite.php(47): require_once('C:\\xampp\\htdocs\\ppdb_online_ci4\\public\\index.php')
INFO - 2023-05-06 01:10:14 --> Session: Class initialized using 'CodeIgniter\Session\Handlers\FileHandler' driver.
WARNING - 2023-05-06 01:10:16 --> [DEPRECATED] Creation of dynamic property App\Controllers\Daftar::$ModelTa is deprecated in APPPATH\Controllers\Daftar.php on line 14.
 1 SYSTEMPATH\CodeIgniter.php(906): App\Controllers\Daftar->__construct()
 2 SYSTEMPATH\CodeIgniter.php(490): CodeIgniter\CodeIgniter->createController()
 3 SYSTEMPATH\CodeIgniter.php(368): CodeIgniter\CodeIgniter->handleRequest(null, Object(Config\Cache), false)
 4 FCPATH\index.php(67): CodeIgniter\CodeIgniter->run()
 5 SYSTEMPATH\Commands\Server\rewrite.php(47): require_once('C:\\xampp\\htdocs\\ppdb_online_ci4\\public\\index.php')
WARNING - 2023-05-06 01:10:16 --> [DEPRECATED] Creation of dynamic property App\Controllers\Daftar::$ModelPendaftaran is deprecated in APPPATH\Controllers\Daftar.php on line 15.
 1 SYSTEMPATH\CodeIgniter.php(906): App\Controllers\Daftar->__construct()
 2 SYSTEMPATH\CodeIgniter.php(490): CodeIgniter\CodeIgniter->createController()
 3 SYSTEMPATH\CodeIgniter.php(368): CodeIgniter\CodeIgniter->handleRequest(null, Object(Config\Cache), false)
 4 FCPATH\index.php(67): CodeIgniter\CodeIgniter->run()
 5 SYSTEMPATH\Commands\Server\rewrite.php(47): require_once('C:\\xampp\\htdocs\\ppdb_online_ci4\\public\\index.php')
INFO - 2023-05-06 01:10:16 --> Session: Class initialized using 'CodeIgniter\Session\Handlers\FileHandler' driver.
INFO - 2023-05-06 01:10:57 --> Session: Class initialized using 'CodeIgniter\Session\Handlers\FileHandler' driver.
WARNING - 2023-05-06 01:11:02 --> [DEPRECATED] Creation of dynamic property App\Controllers\Daftar::$ModelTa is deprecated in APPPATH\Controllers\Daftar.php on line 14.
 1 SYSTEMPATH\CodeIgniter.php(906): App\Controllers\Daftar->__construct()
 2 SYSTEMPATH\CodeIgniter.php(490): CodeIgniter\CodeIgniter->createController()
 3 SYSTEMPATH\CodeIgniter.php(368): CodeIgniter\CodeIgniter->handleRequest(null, Object(Config\Cache), false)
 4 FCPATH\index.php(67): CodeIgniter\CodeIgniter->run()
 5 SYSTEMPATH\Commands\Server\rewrite.php(47): require_once('C:\\xampp\\htdocs\\ppdb_online_ci4\\public\\index.php')
WARNING - 2023-05-06 01:11:02 --> [DEPRECATED] Creation of dynamic property App\Controllers\Daftar::$ModelPendaftaran is deprecated in APPPATH\Controllers\Daftar.php on line 15.
 1 SYSTEMPATH\CodeIgniter.php(906): App\Controllers\Daftar->__construct()
 2 SYSTEMPATH\CodeIgniter.php(490): CodeIgniter\CodeIgniter->createController()
 3 SYSTEMPATH\CodeIgniter.php(368): CodeIgniter\CodeIgniter->handleRequest(null, Object(Config\Cache), false)
 4 FCPATH\index.php(67): CodeIgniter\CodeIgniter->run()
 5 SYSTEMPATH\Commands\Server\rewrite.php(47): require_once('C:\\xampp\\htdocs\\ppdb_online_ci4\\public\\index.php')
INFO - 2023-05-06 01:11:02 --> Session: Class initialized using 'CodeIgniter\Session\Handlers\FileHandler' driver.
WARNING - 2023-05-06 01:12:06 --> [DEPRECATED] Creation of dynamic property App\Controllers\Daftar::$ModelTa is deprecated in APPPATH\Controllers\Daftar.php on line 14.
 1 SYSTEMPATH\CodeIgniter.php(906): App\Controllers\Daftar->__construct()
 2 SYSTEMPATH\CodeIgniter.php(490): CodeIgniter\CodeIgniter->createController()
 3 SYSTEMPATH\CodeIgniter.php(368): CodeIgniter\CodeIgniter->handleRequest(null, Object(Config\Cache), false)
 4 FCPATH\index.php(67): CodeIgniter\CodeIgniter->run()
 5 SYSTEMPATH\Commands\Server\rewrite.php(47): require_once('C:\\xampp\\htdocs\\ppdb_online_ci4\\public\\index.php')
WARNING - 2023-05-06 01:12:06 --> [DEPRECATED] Creation of dynamic property App\Controllers\Daftar::$ModelPendaftaran is deprecated in APPPATH\Controllers\Daftar.php on line 15.
 1 SYSTEMPATH\CodeIgniter.php(906): App\Controllers\Daftar->__construct()
 2 SYSTEMPATH\CodeIgniter.php(490): CodeIgniter\CodeIgniter->createController()
 3 SYSTEMPATH\CodeIgniter.php(368): CodeIgniter\CodeIgniter->handleRequest(null, Object(Config\Cache), false)
 4 FCPATH\index.php(67): CodeIgniter\CodeIgniter->run()
 5 SYSTEMPATH\Commands\Server\rewrite.php(47): require_once('C:\\xampp\\htdocs\\ppdb_online_ci4\\public\\index.php')
CRITICAL - 2023-05-06 01:12:06 --> Trying to access array offset on value of type null
in APPPATH\Models\ModelPendaftaran.php on line 48.
 1 APPPATH\Models\ModelPendaftaran.php(48): CodeIgniter\Debug\Exceptions->errorHandler(2, 'Trying to access array offset on value of type null', 'C:\\xampp\\htdocs\\ppdb_online_ci4\\app\\Models\\ModelPendaftaran.php', 48)
 2 APPPATH\Controllers\Daftar.php(78): App\Models\ModelPendaftaran->noPendaftar()
 3 SYSTEMPATH\CodeIgniter.php(934): App\Controllers\Daftar->insertData()
 4 SYSTEMPATH\CodeIgniter.php(499): CodeIgniter\CodeIgniter->runController(Object(App\Controllers\Daftar))
 5 SYSTEMPATH\CodeIgniter.php(368): CodeIgniter\CodeIgniter->handleRequest(null, Object(Config\Cache), false)
 6 FCPATH\index.php(67): CodeIgniter\CodeIgniter->run()
 7 SYSTEMPATH\Commands\Server\rewrite.php(47): require_once('C:\\xampp\\htdocs\\ppdb_online_ci4\\public\\index.php')
WARNING - 2023-05-06 01:34:35 --> [DEPRECATED] Creation of dynamic property App\Controllers\Daftar::$ModelTa is deprecated in APPPATH\Controllers\Daftar.php on line 14.
 1 SYSTEMPATH\CodeIgniter.php(906): App\Controllers\Daftar->__construct()
 2 SYSTEMPATH\CodeIgniter.php(490): CodeIgniter\CodeIgniter->createController()
 3 SYSTEMPATH\CodeIgniter.php(368): CodeIgniter\CodeIgniter->handleRequest(null, Object(Config\Cache), false)
 4 FCPATH\index.php(67): CodeIgniter\CodeIgniter->run()
 5 SYSTEMPATH\Commands\Server\rewrite.php(47): require_once('C:\\xampp\\htdocs\\ppdb_online_ci4\\public\\index.php')
WARNING - 2023-05-06 01:34:35 --> [DEPRECATED] Creation of dynamic property App\Controllers\Daftar::$ModelPendaftaran is deprecated in APPPATH\Controllers\Daftar.php on line 15.
 1 SYSTEMPATH\CodeIgniter.php(906): App\Controllers\Daftar->__construct()
 2 SYSTEMPATH\CodeIgniter.php(490): CodeIgniter\CodeIgniter->createController()
 3 SYSTEMPATH\CodeIgniter.php(368): CodeIgniter\CodeIgniter->handleRequest(null, Object(Config\Cache), false)
 4 FCPATH\index.php(67): CodeIgniter\CodeIgniter->run()
 5 SYSTEMPATH\Commands\Server\rewrite.php(47): require_once('C:\\xampp\\htdocs\\ppdb_online_ci4\\public\\index.php')
INFO - 2023-05-06 01:34:35 --> Session: Class initialized using 'CodeIgniter\Session\Handlers\FileHandler' driver.
INFO - 2023-05-06 01:55:13 --> Session: Class initialized using 'CodeIgniter\Session\Handlers\FileHandler' driver.
WARNING - 2023-05-06 01:55:19 --> [DEPRECATED] Creation of dynamic property App\Controllers\Auth::$ModelAuth is deprecated in APPPATH\Controllers\Auth.php on line 15.
 1 SYSTEMPATH\CodeIgniter.php(906): App\Controllers\Auth->__construct()
 2 SYSTEMPATH\CodeIgniter.php(490): CodeIgniter\CodeIgniter->createController()
 3 SYSTEMPATH\CodeIgniter.php(368): CodeIgniter\CodeIgniter->handleRequest(null, Object(Config\Cache), false)
 4 FCPATH\index.php(67): CodeIgniter\CodeIgniter->run()
 5 SYSTEMPATH\Commands\Server\rewrite.php(47): require_once('C:\\xampp\\htdocs\\ppdb_online_ci4\\public\\index.php')
WARNING - 2023-05-06 01:55:19 --> [DEPRECATED] Creation of dynamic property App\Controllers\Auth::$ModelTa is deprecated in APPPATH\Controllers\Auth.php on line 16.
 1 SYSTEMPATH\CodeIgniter.php(906): App\Controllers\Auth->__construct()
 2 SYSTEMPATH\CodeIgniter.php(490): CodeIgniter\CodeIgniter->createController()
 3 SYSTEMPATH\CodeIgniter.php(368): CodeIgniter\CodeIgniter->handleRequest(null, Object(Config\Cache), false)
 4 FCPATH\index.php(67): CodeIgniter\CodeIgniter->run()
 5 SYSTEMPATH\Commands\Server\rewrite.php(47): require_once('C:\\xampp\\htdocs\\ppdb_online_ci4\\public\\index.php')
WARNING - 2023-05-06 01:55:19 --> [DEPRECATED] Creation of dynamic property App\Controllers\Auth::$ModelPendaftaran is deprecated in APPPATH\Controllers\Auth.php on line 17.
 1 SYSTEMPATH\CodeIgniter.php(906): App\Controllers\Auth->__construct()
 2 SYSTEMPATH\CodeIgniter.php(490): CodeIgniter\CodeIgniter->createController()
 3 SYSTEMPATH\CodeIgniter.php(368): CodeIgniter\CodeIgniter->handleRequest(null, Object(Config\Cache), false)
 4 FCPATH\index.php(67): CodeIgniter\CodeIgniter->run()
 5 SYSTEMPATH\Commands\Server\rewrite.php(47): require_once('C:\\xampp\\htdocs\\ppdb_online_ci4\\public\\index.php')
INFO - 2023-05-06 01:55:19 --> Session: Class initialized using 'CodeIgniter\Session\Handlers\FileHandler' driver.
WARNING - 2023-05-06 01:55:21 --> [DEPRECATED] Creation of dynamic property App\Controllers\Auth::$ModelAuth is deprecated in APPPATH\Controllers\Auth.php on line 15.
 1 SYSTEMPATH\CodeIgniter.php(906): App\Controllers\Auth->__construct()
 2 SYSTEMPATH\CodeIgniter.php(490): CodeIgniter\CodeIgniter->createController()
 3 SYSTEMPATH\CodeIgniter.php(368): CodeIgniter\CodeIgniter->handleRequest(null, Object(Config\Cache), false)
 4 FCPATH\index.php(67): CodeIgniter\CodeIgniter->run()
 5 SYSTEMPATH\Commands\Server\rewrite.php(47): require_once('C:\\xampp\\htdocs\\ppdb_online_ci4\\public\\index.php')
WARNING - 2023-05-06 01:55:21 --> [DEPRECATED] Creation of dynamic property App\Controllers\Auth::$ModelTa is deprecated in APPPATH\Controllers\Auth.php on line 16.
 1 SYSTEMPATH\CodeIgniter.php(906): App\Controllers\Auth->__construct()
 2 SYSTEMPATH\CodeIgniter.php(490): CodeIgniter\CodeIgniter->createController()
 3 SYSTEMPATH\CodeIgniter.php(368): CodeIgniter\CodeIgniter->handleRequest(null, Object(Config\Cache), false)
 4 FCPATH\index.php(67): CodeIgniter\CodeIgniter->run()
 5 SYSTEMPATH\Commands\Server\rewrite.php(47): require_once('C:\\xampp\\htdocs\\ppdb_online_ci4\\public\\index.php')
WARNING - 2023-05-06 01:55:21 --> [DEPRECATED] Creation of dynamic property App\Controllers\Auth::$ModelPendaftaran is deprecated in APPPATH\Controllers\Auth.php on line 17.
 1 SYSTEMPATH\CodeIgniter.php(906): App\Controllers\Auth->__construct()
 2 SYSTEMPATH\CodeIgniter.php(490): CodeIgniter\CodeIgniter->createController()
 3 SYSTEMPATH\CodeIgniter.php(368): CodeIgniter\CodeIgniter->handleRequest(null, Object(Config\Cache), false)
 4 FCPATH\index.php(67): CodeIgniter\CodeIgniter->run()
 5 SYSTEMPATH\Commands\Server\rewrite.php(47): require_once('C:\\xampp\\htdocs\\ppdb_online_ci4\\public\\index.php')
INFO - 2023-05-06 01:55:21 --> Session: Class initialized using 'CodeIgniter\Session\Handlers\FileHandler' driver.
WARNING - 2023-05-06 01:55:24 --> [DEPRECATED] Creation of dynamic property App\Controllers\Auth::$ModelAuth is deprecated in APPPATH\Controllers\Auth.php on line 15.
 1 SYSTEMPATH\CodeIgniter.php(906): App\Controllers\Auth->__construct()
 2 SYSTEMPATH\CodeIgniter.php(490): CodeIgniter\CodeIgniter->createController()
 3 SYSTEMPATH\CodeIgniter.php(368): CodeIgniter\CodeIgniter->handleRequest(null, Object(Config\Cache), false)
 4 FCPATH\index.php(67): CodeIgniter\CodeIgniter->run()
 5 SYSTEMPATH\Commands\Server\rewrite.php(47): require_once('C:\\xampp\\htdocs\\ppdb_online_ci4\\public\\index.php')
WARNING - 2023-05-06 01:55:24 --> [DEPRECATED] Creation of dynamic property App\Controllers\Auth::$ModelTa is deprecated in APPPATH\Controllers\Auth.php on line 16.
 1 SYSTEMPATH\CodeIgniter.php(906): App\Controllers\Auth->__construct()
 2 SYSTEMPATH\CodeIgniter.php(490): CodeIgniter\CodeIgniter->createController()
 3 SYSTEMPATH\CodeIgniter.php(368): CodeIgniter\CodeIgniter->handleRequest(null, Object(Config\Cache), false)
 4 FCPATH\index.php(67): CodeIgniter\CodeIgniter->run()
 5 SYSTEMPATH\Commands\Server\rewrite.php(47): require_once('C:\\xampp\\htdocs\\ppdb_online_ci4\\public\\index.php')
WARNING - 2023-05-06 01:55:24 --> [DEPRECATED] Creation of dynamic property App\Controllers\Auth::$ModelPendaftaran is deprecated in APPPATH\Controllers\Auth.php on line 17.
 1 SYSTEMPATH\CodeIgniter.php(906): App\Controllers\Auth->__construct()
 2 SYSTEMPATH\CodeIgniter.php(490): CodeIgniter\CodeIgniter->createController()
 3 SYSTEMPATH\CodeIgniter.php(368): CodeIgniter\CodeIgniter->handleRequest(null, Object(Config\Cache), false)
 4 FCPATH\index.php(67): CodeIgniter\CodeIgniter->run()
 5 SYSTEMPATH\Commands\Server\rewrite.php(47): require_once('C:\\xampp\\htdocs\\ppdb_online_ci4\\public\\index.php')
INFO - 2023-05-06 01:55:24 --> Session: Class initialized using 'CodeIgniter\Session\Handlers\FileHandler' driver.
INFO - 2023-05-06 01:58:05 --> Session: Class initialized using 'CodeIgniter\Session\Handlers\FileHandler' driver.
INFO - 2023-05-06 01:58:07 --> Session: Class initialized using 'CodeIgniter\Session\Handlers\FileHandler' driver.
WARNING - 2023-05-06 01:58:09 --> [DEPRECATED] Creation of dynamic property App\Controllers\Auth::$ModelAuth is deprecated in APPPATH\Controllers\Auth.php on line 15.
 1 SYSTEMPATH\CodeIgniter.php(906): App\Controllers\Auth->__construct()
 2 SYSTEMPATH\CodeIgniter.php(490): CodeIgniter\CodeIgniter->createController()
 3 SYSTEMPATH\CodeIgniter.php(368): CodeIgniter\CodeIgniter->handleRequest(null, Object(Config\Cache), false)
 4 FCPATH\index.php(67): CodeIgniter\CodeIgniter->run()
 5 SYSTEMPATH\Commands\Server\rewrite.php(47): require_once('C:\\xampp\\htdocs\\ppdb_online_ci4\\public\\index.php')
WARNING - 2023-05-06 01:58:09 --> [DEPRECATED] Creation of dynamic property App\Controllers\Auth::$ModelTa is deprecated in APPPATH\Controllers\Auth.php on line 16.
 1 SYSTEMPATH\CodeIgniter.php(906): App\Controllers\Auth->__construct()
 2 SYSTEMPATH\CodeIgniter.php(490): CodeIgniter\CodeIgniter->createController()
 3 SYSTEMPATH\CodeIgniter.php(368): CodeIgniter\CodeIgniter->handleRequest(null, Object(Config\Cache), false)
 4 FCPATH\index.php(67): CodeIgniter\CodeIgniter->run()
 5 SYSTEMPATH\Commands\Server\rewrite.php(47): require_once('C:\\xampp\\htdocs\\ppdb_online_ci4\\public\\index.php')
WARNING - 2023-05-06 01:58:09 --> [DEPRECATED] Creation of dynamic property App\Controllers\Auth::$ModelPendaftaran is deprecated in APPPATH\Controllers\Auth.php on line 17.
 1 SYSTEMPATH\CodeIgniter.php(906): App\Controllers\Auth->__construct()
 2 SYSTEMPATH\CodeIgniter.php(490): CodeIgniter\CodeIgniter->createController()
 3 SYSTEMPATH\CodeIgniter.php(368): CodeIgniter\CodeIgniter->handleRequest(null, Object(Config\Cache), false)
 4 FCPATH\index.php(67): CodeIgniter\CodeIgniter->run()
 5 SYSTEMPATH\Commands\Server\rewrite.php(47): require_once('C:\\xampp\\htdocs\\ppdb_online_ci4\\public\\index.php')
INFO - 2023-05-06 01:58:09 --> Session: Class initialized using 'CodeIgniter\Session\Handlers\FileHandler' driver.
WARNING - 2023-05-06 01:58:13 --> [DEPRECATED] Creation of dynamic property App\Controllers\Auth::$ModelAuth is deprecated in APPPATH\Controllers\Auth.php on line 15.
 1 SYSTEMPATH\CodeIgniter.php(906): App\Controllers\Auth->__construct()
 2 SYSTEMPATH\CodeIgniter.php(490): CodeIgniter\CodeIgniter->createController()
 3 SYSTEMPATH\CodeIgniter.php(368): CodeIgniter\CodeIgniter->handleRequest(null, Object(Config\Cache), false)
 4 FCPATH\index.php(67): CodeIgniter\CodeIgniter->run()
 5 SYSTEMPATH\Commands\Server\rewrite.php(47): require_once('C:\\xampp\\htdocs\\ppdb_online_ci4\\public\\index.php')
WARNING - 2023-05-06 01:58:13 --> [DEPRECATED] Creation of dynamic property App\Controllers\Auth::$ModelTa is deprecated in APPPATH\Controllers\Auth.php on line 16.
 1 SYSTEMPATH\CodeIgniter.php(906): App\Controllers\Auth->__construct()
 2 SYSTEMPATH\CodeIgniter.php(490): CodeIgniter\CodeIgniter->createController()
 3 SYSTEMPATH\CodeIgniter.php(368): CodeIgniter\CodeIgniter->handleRequest(null, Object(Config\Cache), false)
 4 FCPATH\index.php(67): CodeIgniter\CodeIgniter->run()
 5 SYSTEMPATH\Commands\Server\rewrite.php(47): require_once('C:\\xampp\\htdocs\\ppdb_online_ci4\\public\\index.php')
WARNING - 2023-05-06 01:58:13 --> [DEPRECATED] Creation of dynamic property App\Controllers\Auth::$ModelPendaftaran is deprecated in APPPATH\Controllers\Auth.php on line 17.
 1 SYSTEMPATH\CodeIgniter.php(906): App\Controllers\Auth->__construct()
 2 SYSTEMPATH\CodeIgniter.php(490): CodeIgniter\CodeIgniter->createController()
 3 SYSTEMPATH\CodeIgniter.php(368): CodeIgniter\CodeIgniter->handleRequest(null, Object(Config\Cache), false)
 4 FCPATH\index.php(67): CodeIgniter\CodeIgniter->run()
 5 SYSTEMPATH\Commands\Server\rewrite.php(47): require_once('C:\\xampp\\htdocs\\ppdb_online_ci4\\public\\index.php')
INFO - 2023-05-06 01:58:13 --> Session: Class initialized using 'CodeIgniter\Session\Handlers\FileHandler' driver.
WARNING - 2023-05-06 01:58:16 --> [DEPRECATED] Creation of dynamic property App\Controllers\Auth::$ModelAuth is deprecated in APPPATH\Controllers\Auth.php on line 15.
 1 SYSTEMPATH\CodeIgniter.php(906): App\Controllers\Auth->__construct()
 2 SYSTEMPATH\CodeIgniter.php(490): CodeIgniter\CodeIgniter->createController()
 3 SYSTEMPATH\CodeIgniter.php(368): CodeIgniter\CodeIgniter->handleRequest(null, Object(Config\Cache), false)
 4 FCPATH\index.php(67): CodeIgniter\CodeIgniter->run()
 5 SYSTEMPATH\Commands\Server\rewrite.php(47): require_once('C:\\xampp\\htdocs\\ppdb_online_ci4\\public\\index.php')
WARNING - 2023-05-06 01:58:16 --> [DEPRECATED] Creation of dynamic property App\Controllers\Auth::$ModelTa is deprecated in APPPATH\Controllers\Auth.php on line 16.
 1 SYSTEMPATH\CodeIgniter.php(906): App\Controllers\Auth->__construct()
 2 SYSTEMPATH\CodeIgniter.php(490): CodeIgniter\CodeIgniter->createController()
 3 SYSTEMPATH\CodeIgniter.php(368): CodeIgniter\CodeIgniter->handleRequest(null, Object(Config\Cache), false)
 4 FCPATH\index.php(67): CodeIgniter\CodeIgniter->run()
 5 SYSTEMPATH\Commands\Server\rewrite.php(47): require_once('C:\\xampp\\htdocs\\ppdb_online_ci4\\public\\index.php')
WARNING - 2023-05-06 01:58:16 --> [DEPRECATED] Creation of dynamic property App\Controllers\Auth::$ModelPendaftaran is deprecated in APPPATH\Controllers\Auth.php on line 17.
 1 SYSTEMPATH\CodeIgniter.php(906): App\Controllers\Auth->__construct()
 2 SYSTEMPATH\CodeIgniter.php(490): CodeIgniter\CodeIgniter->createController()
 3 SYSTEMPATH\CodeIgniter.php(368): CodeIgniter\CodeIgniter->handleRequest(null, Object(Config\Cache), false)
 4 FCPATH\index.php(67): CodeIgniter\CodeIgniter->run()
 5 SYSTEMPATH\Commands\Server\rewrite.php(47): require_once('C:\\xampp\\htdocs\\ppdb_online_ci4\\public\\index.php')
INFO - 2023-05-06 01:58:16 --> Session: Class initialized using 'CodeIgniter\Session\Handlers\FileHandler' driver.
INFO - 2023-05-06 02:11:58 --> Session: Class initialized using 'CodeIgniter\Session\Handlers\FileHandler' driver.
WARNING - 2023-05-06 02:12:01 --> [DEPRECATED] Creation of dynamic property App\Controllers\Auth::$ModelAuth is deprecated in APPPATH\Controllers\Auth.php on line 15.
 1 SYSTEMPATH\CodeIgniter.php(906): App\Controllers\Auth->__construct()
 2 SYSTEMPATH\CodeIgniter.php(490): CodeIgniter\CodeIgniter->createController()
 3 SYSTEMPATH\CodeIgniter.php(368): CodeIgniter\CodeIgniter->handleRequest(null, Object(Config\Cache), false)
 4 FCPATH\index.php(67): CodeIgniter\CodeIgniter->run()
 5 SYSTEMPATH\Commands\Server\rewrite.php(47): require_once('C:\\xampp\\htdocs\\ppdb_online_ci4\\public\\index.php')
WARNING - 2023-05-06 02:12:01 --> [DEPRECATED] Creation of dynamic property App\Controllers\Auth::$ModelTa is deprecated in APPPATH\Controllers\Auth.php on line 16.
 1 SYSTEMPATH\CodeIgniter.php(906): App\Controllers\Auth->__construct()
 2 SYSTEMPATH\CodeIgniter.php(490): CodeIgniter\CodeIgniter->createController()
 3 SYSTEMPATH\CodeIgniter.php(368): CodeIgniter\CodeIgniter->handleRequest(null, Object(Config\Cache), false)
 4 FCPATH\index.php(67): CodeIgniter\CodeIgniter->run()
 5 SYSTEMPATH\Commands\Server\rewrite.php(47): require_once('C:\\xampp\\htdocs\\ppdb_online_ci4\\public\\index.php')
WARNING - 2023-05-06 02:12:01 --> [DEPRECATED] Creation of dynamic property App\Controllers\Auth::$ModelPendaftaran is deprecated in APPPATH\Controllers\Auth.php on line 17.
 1 SYSTEMPATH\CodeIgniter.php(906): App\Controllers\Auth->__construct()
 2 SYSTEMPATH\CodeIgniter.php(490): CodeIgniter\CodeIgniter->createController()
 3 SYSTEMPATH\CodeIgniter.php(368): CodeIgniter\CodeIgniter->handleRequest(null, Object(Config\Cache), false)
 4 FCPATH\index.php(67): CodeIgniter\CodeIgniter->run()
 5 SYSTEMPATH\Commands\Server\rewrite.php(47): require_once('C:\\xampp\\htdocs\\ppdb_online_ci4\\public\\index.php')
INFO - 2023-05-06 02:12:01 --> Session: Class initialized using 'CodeIgniter\Session\Handlers\FileHandler' driver.
WARNING - 2023-05-06 03:39:27 --> [DEPRECATED] Creation of dynamic property App\Controllers\Auth::$ModelAuth is deprecated in APPPATH\Controllers\Auth.php on line 15.
 1 SYSTEMPATH\CodeIgniter.php(906): App\Controllers\Auth->__construct()
 2 SYSTEMPATH\CodeIgniter.php(490): CodeIgniter\CodeIgniter->createController()
 3 SYSTEMPATH\CodeIgniter.php(368): CodeIgniter\CodeIgniter->handleRequest(null, Object(Config\Cache), false)
 4 FCPATH\index.php(67): CodeIgniter\CodeIgniter->run()
 5 SYSTEMPATH\Commands\Server\rewrite.php(47): require_once('C:\\xampp\\htdocs\\ppdb_online_ci4\\public\\index.php')
WARNING - 2023-05-06 03:39:27 --> [DEPRECATED] Creation of dynamic property App\Controllers\Auth::$ModelTa is deprecated in APPPATH\Controllers\Auth.php on line 16.
 1 SYSTEMPATH\CodeIgniter.php(906): App\Controllers\Auth->__construct()
 2 SYSTEMPATH\CodeIgniter.php(490): CodeIgniter\CodeIgniter->createController()
 3 SYSTEMPATH\CodeIgniter.php(368): CodeIgniter\CodeIgniter->handleRequest(null, Object(Config\Cache), false)
 4 FCPATH\index.php(67): CodeIgniter\CodeIgniter->run()
 5 SYSTEMPATH\Commands\Server\rewrite.php(47): require_once('C:\\xampp\\htdocs\\ppdb_online_ci4\\public\\index.php')
WARNING - 2023-05-06 03:39:27 --> [DEPRECATED] Creation of dynamic property App\Controllers\Auth::$ModelPendaftaran is deprecated in APPPATH\Controllers\Auth.php on line 17.
 1 SYSTEMPATH\CodeIgniter.php(906): App\Controllers\Auth->__construct()
 2 SYSTEMPATH\CodeIgniter.php(490): CodeIgniter\CodeIgniter->createController()
 3 SYSTEMPATH\CodeIgniter.php(368): CodeIgniter\CodeIgniter->handleRequest(null, Object(Config\Cache), false)
 4 FCPATH\index.php(67): CodeIgniter\CodeIgniter->run()
 5 SYSTEMPATH\Commands\Server\rewrite.php(47): require_once('C:\\xampp\\htdocs\\ppdb_online_ci4\\public\\index.php')
INFO - 2023-05-06 03:39:27 --> Session: Class initialized using 'CodeIgniter\Session\Handlers\FileHandler' driver.
INFO - 2023-05-06 03:39:30 --> Session: Class initialized using 'CodeIgniter\Session\Handlers\FileHandler' driver.
INFO - 2023-05-06 14:32:39 --> Session: Class initialized using 'CodeIgniter\Session\Handlers\FileHandler' driver.
WARNING - 2023-05-06 14:32:56 --> [DEPRECATED] Creation of dynamic property App\Controllers\Daftar::$ModelTa is deprecated in APPPATH\Controllers\Daftar.php on line 14.
 1 SYSTEMPATH\CodeIgniter.php(906): App\Controllers\Daftar->__construct()
 2 SYSTEMPATH\CodeIgniter.php(490): CodeIgniter\CodeIgniter->createController()
 3 SYSTEMPATH\CodeIgniter.php(368): CodeIgniter\CodeIgniter->handleRequest(null, Object(Config\Cache), false)
 4 FCPATH\index.php(67): CodeIgniter\CodeIgniter->run()
 5 SYSTEMPATH\Commands\Server\rewrite.php(47): require_once('C:\\xampp\\htdocs\\ppdb_online_ci4\\public\\index.php')
WARNING - 2023-05-06 14:32:56 --> [DEPRECATED] Creation of dynamic property App\Controllers\Daftar::$ModelPendaftaran is deprecated in APPPATH\Controllers\Daftar.php on line 15.
 1 SYSTEMPATH\CodeIgniter.php(906): App\Controllers\Daftar->__construct()
 2 SYSTEMPATH\CodeIgniter.php(490): CodeIgniter\CodeIgniter->createController()
 3 SYSTEMPATH\CodeIgniter.php(368): CodeIgniter\CodeIgniter->handleRequest(null, Object(Config\Cache), false)
 4 FCPATH\index.php(67): CodeIgniter\CodeIgniter->run()
 5 SYSTEMPATH\Commands\Server\rewrite.php(47): require_once('C:\\xampp\\htdocs\\ppdb_online_ci4\\public\\index.php')
INFO - 2023-05-06 14:32:56 --> Session: Class initialized using 'CodeIgniter\Session\Handlers\FileHandler' driver.
WARNING - 2023-05-06 14:32:57 --> [DEPRECATED] Creation of dynamic property App\Controllers\Daftar::$ModelTa is deprecated in APPPATH\Controllers\Daftar.php on line 14.
 1 SYSTEMPATH\CodeIgniter.php(906): App\Controllers\Daftar->__construct()
 2 SYSTEMPATH\CodeIgniter.php(490): CodeIgniter\CodeIgniter->createController()
 3 SYSTEMPATH\CodeIgniter.php(368): CodeIgniter\CodeIgniter->handleRequest(null, Object(Config\Cache), false)
 4 FCPATH\index.php(67): CodeIgniter\CodeIgniter->run()
 5 SYSTEMPATH\Commands\Server\rewrite.php(47): require_once('C:\\xampp\\htdocs\\ppdb_online_ci4\\public\\index.php')
WARNING - 2023-05-06 14:32:57 --> [DEPRECATED] Creation of dynamic property App\Controllers\Daftar::$ModelPendaftaran is deprecated in APPPATH\Controllers\Daftar.php on line 15.
 1 SYSTEMPATH\CodeIgniter.php(906): App\Controllers\Daftar->__construct()
 2 SYSTEMPATH\CodeIgniter.php(490): CodeIgniter\CodeIgniter->createController()
 3 SYSTEMPATH\CodeIgniter.php(368): CodeIgniter\CodeIgniter->handleRequest(null, Object(Config\Cache), false)
 4 FCPATH\index.php(67): CodeIgniter\CodeIgniter->run()
 5 SYSTEMPATH\Commands\Server\rewrite.php(47): require_once('C:\\xampp\\htdocs\\ppdb_online_ci4\\public\\index.php')
INFO - 2023-05-06 14:32:57 --> Session: Class initialized using 'CodeIgniter\Session\Handlers\FileHandler' driver.
WARNING - 2023-05-06 14:32:57 --> [DEPRECATED] Creation of dynamic property App\Controllers\Daftar::$ModelTa is deprecated in APPPATH\Controllers\Daftar.php on line 14.
 1 SYSTEMPATH\CodeIgniter.php(906): App\Controllers\Daftar->__construct()
 2 SYSTEMPATH\CodeIgniter.php(490): CodeIgniter\CodeIgniter->createController()
 3 SYSTEMPATH\CodeIgniter.php(368): CodeIgniter\CodeIgniter->handleRequest(null, Object(Config\Cache), false)
 4 FCPATH\index.php(67): CodeIgniter\CodeIgniter->run()
 5 SYSTEMPATH\Commands\Server\rewrite.php(47): require_once('C:\\xampp\\htdocs\\ppdb_online_ci4\\public\\index.php')
WARNING - 2023-05-06 14:32:57 --> [DEPRECATED] Creation of dynamic property App\Controllers\Daftar::$ModelPendaftaran is deprecated in APPPATH\Controllers\Daftar.php on line 15.
 1 SYSTEMPATH\CodeIgniter.php(906): App\Controllers\Daftar->__construct()
 2 SYSTEMPATH\CodeIgniter.php(490): CodeIgniter\CodeIgniter->createController()
 3 SYSTEMPATH\CodeIgniter.php(368): CodeIgniter\CodeIgniter->handleRequest(null, Object(Config\Cache), false)
 4 FCPATH\index.php(67): CodeIgniter\CodeIgniter->run()
 5 SYSTEMPATH\Commands\Server\rewrite.php(47): require_once('C:\\xampp\\htdocs\\ppdb_online_ci4\\public\\index.php')
INFO - 2023-05-06 14:32:57 --> Session: Class initialized using 'CodeIgniter\Session\Handlers\FileHandler' driver.
INFO - 2023-05-06 14:33:04 --> Session: Class initialized using 'CodeIgniter\Session\Handlers\FileHandler' driver.
WARNING - 2023-05-06 14:33:05 --> [DEPRECATED] Creation of dynamic property App\Controllers\Daftar::$ModelTa is deprecated in APPPATH\Controllers\Daftar.php on line 14.
 1 SYSTEMPATH\CodeIgniter.php(906): App\Controllers\Daftar->__construct()
 2 SYSTEMPATH\CodeIgniter.php(490): CodeIgniter\CodeIgniter->createController()
 3 SYSTEMPATH\CodeIgniter.php(368): CodeIgniter\CodeIgniter->handleRequest(null, Object(Config\Cache), false)
 4 FCPATH\index.php(67): CodeIgniter\CodeIgniter->run()
 5 SYSTEMPATH\Commands\Server\rewrite.php(47): require_once('C:\\xampp\\htdocs\\ppdb_online_ci4\\public\\index.php')
WARNING - 2023-05-06 14:33:05 --> [DEPRECATED] Creation of dynamic property App\Controllers\Daftar::$ModelPendaftaran is deprecated in APPPATH\Controllers\Daftar.php on line 15.
 1 SYSTEMPATH\CodeIgniter.php(906): App\Controllers\Daftar->__construct()
 2 SYSTEMPATH\CodeIgniter.php(490): CodeIgniter\CodeIgniter->createController()
 3 SYSTEMPATH\CodeIgniter.php(368): CodeIgniter\CodeIgniter->handleRequest(null, Object(Config\Cache), false)
 4 FCPATH\index.php(67): CodeIgniter\CodeIgniter->run()
 5 SYSTEMPATH\Commands\Server\rewrite.php(47): require_once('C:\\xampp\\htdocs\\ppdb_online_ci4\\public\\index.php')
INFO - 2023-05-06 14:33:05 --> Session: Class initialized using 'CodeIgniter\Session\Handlers\FileHandler' driver.
WARNING - 2023-05-06 14:34:00 --> [DEPRECATED] Creation of dynamic property App\Controllers\Daftar::$ModelTa is deprecated in APPPATH\Controllers\Daftar.php on line 14.
 1 SYSTEMPATH\CodeIgniter.php(906): App\Controllers\Daftar->__construct()
 2 SYSTEMPATH\CodeIgniter.php(490): CodeIgniter\CodeIgniter->createController()
 3 SYSTEMPATH\CodeIgniter.php(368): CodeIgniter\CodeIgniter->handleRequest(null, Object(Config\Cache), false)
 4 FCPATH\index.php(67): CodeIgniter\CodeIgniter->run()
 5 SYSTEMPATH\Commands\Server\rewrite.php(47): require_once('C:\\xampp\\htdocs\\ppdb_online_ci4\\public\\index.php')
WARNING - 2023-05-06 14:34:00 --> [DEPRECATED] Creation of dynamic property App\Controllers\Daftar::$ModelPendaftaran is deprecated in APPPATH\Controllers\Daftar.php on line 15.
 1 SYSTEMPATH\CodeIgniter.php(906): App\Controllers\Daftar->__construct()
 2 SYSTEMPATH\CodeIgniter.php(490): CodeIgniter\CodeIgniter->createController()
 3 SYSTEMPATH\CodeIgniter.php(368): CodeIgniter\CodeIgniter->handleRequest(null, Object(Config\Cache), false)
 4 FCPATH\index.php(67): CodeIgniter\CodeIgniter->run()
 5 SYSTEMPATH\Commands\Server\rewrite.php(47): require_once('C:\\xampp\\htdocs\\ppdb_online_ci4\\public\\index.php')
CRITICAL - 2023-05-06 14:34:00 --> Trying to access array offset on value of type null
in APPPATH\Models\ModelPendaftaran.php on line 48.
 1 APPPATH\Models\ModelPendaftaran.php(48): CodeIgniter\Debug\Exceptions->errorHandler(2, 'Trying to access array offset on value of type null', 'C:\\xampp\\htdocs\\ppdb_online_ci4\\app\\Models\\ModelPendaftaran.php', 48)
 2 APPPATH\Controllers\Daftar.php(78): App\Models\ModelPendaftaran->noPendaftar()
 3 SYSTEMPATH\CodeIgniter.php(934): App\Controllers\Daftar->insertData()
 4 SYSTEMPATH\CodeIgniter.php(499): CodeIgniter\CodeIgniter->runController(Object(App\Controllers\Daftar))
 5 SYSTEMPATH\CodeIgniter.php(368): CodeIgniter\CodeIgniter->handleRequest(null, Object(Config\Cache), false)
 6 FCPATH\index.php(67): CodeIgniter\CodeIgniter->run()
 7 SYSTEMPATH\Commands\Server\rewrite.php(47): require_once('C:\\xampp\\htdocs\\ppdb_online_ci4\\public\\index.php')
WARNING - 2023-05-06 14:56:11 --> [DEPRECATED] Creation of dynamic property App\Controllers\Daftar::$ModelTa is deprecated in APPPATH\Controllers\Daftar.php on line 15.
 1 SYSTEMPATH\CodeIgniter.php(906): App\Controllers\Daftar->__construct()
 2 SYSTEMPATH\CodeIgniter.php(490): CodeIgniter\CodeIgniter->createController()
 3 SYSTEMPATH\CodeIgniter.php(368): CodeIgniter\CodeIgniter->handleRequest(null, Object(Config\Cache), false)
 4 FCPATH\index.php(67): CodeIgniter\CodeIgniter->run()
 5 SYSTEMPATH\Commands\Server\rewrite.php(47): require_once('C:\\xampp\\htdocs\\ppdb_online_ci4\\public\\index.php')
WARNING - 2023-05-06 14:56:11 --> [DEPRECATED] Creation of dynamic property App\Controllers\Daftar::$ModelPendaftaran is deprecated in APPPATH\Controllers\Daftar.php on line 16.
 1 SYSTEMPATH\CodeIgniter.php(906): App\Controllers\Daftar->__construct()
 2 SYSTEMPATH\CodeIgniter.php(490): CodeIgniter\CodeIgniter->createController()
 3 SYSTEMPATH\CodeIgniter.php(368): CodeIgniter\CodeIgniter->handleRequest(null, Object(Config\Cache), false)
 4 FCPATH\index.php(67): CodeIgniter\CodeIgniter->run()
 5 SYSTEMPATH\Commands\Server\rewrite.php(47): require_once('C:\\xampp\\htdocs\\ppdb_online_ci4\\public\\index.php')
CRITICAL - 2023-05-06 14:56:11 --> Trying to access array offset on value of type null
in APPPATH\Models\ModelPendaftaran.php on line 48.
 1 APPPATH\Models\ModelPendaftaran.php(48): CodeIgniter\Debug\Exceptions->errorHandler(2, 'Trying to access array offset on value of type null', 'C:\\xampp\\htdocs\\ppdb_online_ci4\\app\\Models\\ModelPendaftaran.php', 48)
 2 APPPATH\Controllers\Daftar.php(78): App\Models\ModelPendaftaran->noPendaftar()
 3 SYSTEMPATH\CodeIgniter.php(934): App\Controllers\Daftar->insertData()
 4 SYSTEMPATH\CodeIgniter.php(499): CodeIgniter\CodeIgniter->runController(Object(App\Controllers\Daftar))
 5 SYSTEMPATH\CodeIgniter.php(368): CodeIgniter\CodeIgniter->handleRequest(null, Object(Config\Cache), false)
 6 FCPATH\index.php(67): CodeIgniter\CodeIgniter->run()
 7 SYSTEMPATH\Commands\Server\rewrite.php(47): require_once('C:\\xampp\\htdocs\\ppdb_online_ci4\\public\\index.php')
WARNING - 2023-05-06 14:58:47 --> [DEPRECATED] Creation of dynamic property App\Controllers\Daftar::$ModelTa is deprecated in APPPATH\Controllers\Daftar.php on line 15.
 1 SYSTEMPATH\CodeIgniter.php(906): App\Controllers\Daftar->__construct()
 2 SYSTEMPATH\CodeIgniter.php(490): CodeIgniter\CodeIgniter->createController()
 3 SYSTEMPATH\CodeIgniter.php(368): CodeIgniter\CodeIgniter->handleRequest(null, Object(Config\Cache), false)
 4 FCPATH\index.php(67): CodeIgniter\CodeIgniter->run()
 5 SYSTEMPATH\Commands\Server\rewrite.php(47): require_once('C:\\xampp\\htdocs\\ppdb_online_ci4\\public\\index.php')
WARNING - 2023-05-06 14:58:47 --> [DEPRECATED] Creation of dynamic property App\Controllers\Daftar::$ModelPendaftaran is deprecated in APPPATH\Controllers\Daftar.php on line 16.
 1 SYSTEMPATH\CodeIgniter.php(906): App\Controllers\Daftar->__construct()
 2 SYSTEMPATH\CodeIgniter.php(490): CodeIgniter\CodeIgniter->createController()
 3 SYSTEMPATH\CodeIgniter.php(368): CodeIgniter\CodeIgniter->handleRequest(null, Object(Config\Cache), false)
 4 FCPATH\index.php(67): CodeIgniter\CodeIgniter->run()
 5 SYSTEMPATH\Commands\Server\rewrite.php(47): require_once('C:\\xampp\\htdocs\\ppdb_online_ci4\\public\\index.php')
INFO - 2023-05-06 14:58:47 --> Session: Class initialized using 'CodeIgniter\Session\Handlers\FileHandler' driver.
WARNING - 2023-05-06 14:58:49 --> [DEPRECATED] Creation of dynamic property App\Controllers\Daftar::$ModelTa is deprecated in APPPATH\Controllers\Daftar.php on line 15.
 1 SYSTEMPATH\CodeIgniter.php(906): App\Controllers\Daftar->__construct()
 2 SYSTEMPATH\CodeIgniter.php(490): CodeIgniter\CodeIgniter->createController()
 3 SYSTEMPATH\CodeIgniter.php(368): CodeIgniter\CodeIgniter->handleRequest(null, Object(Config\Cache), false)
 4 FCPATH\index.php(67): CodeIgniter\CodeIgniter->run()
 5 SYSTEMPATH\Commands\Server\rewrite.php(47): require_once('C:\\xampp\\htdocs\\ppdb_online_ci4\\public\\index.php')
WARNING - 2023-05-06 14:58:49 --> [DEPRECATED] Creation of dynamic property App\Controllers\Daftar::$ModelPendaftaran is deprecated in APPPATH\Controllers\Daftar.php on line 16.
 1 SYSTEMPATH\CodeIgniter.php(906): App\Controllers\Daftar->__construct()
 2 SYSTEMPATH\CodeIgniter.php(490): CodeIgniter\CodeIgniter->createController()
 3 SYSTEMPATH\CodeIgniter.php(368): CodeIgniter\CodeIgniter->handleRequest(null, Object(Config\Cache), false)
 4 FCPATH\index.php(67): CodeIgniter\CodeIgniter->run()
 5 SYSTEMPATH\Commands\Server\rewrite.php(47): require_once('C:\\xampp\\htdocs\\ppdb_online_ci4\\public\\index.php')
INFO - 2023-05-06 14:58:49 --> Session: Class initialized using 'CodeIgniter\Session\Handlers\FileHandler' driver.
WARNING - 2023-05-06 14:59:23 --> [DEPRECATED] Creation of dynamic property App\Controllers\Daftar::$ModelTa is deprecated in APPPATH\Controllers\Daftar.php on line 15.
 1 SYSTEMPATH\CodeIgniter.php(906): App\Controllers\Daftar->__construct()
 2 SYSTEMPATH\CodeIgniter.php(490): CodeIgniter\CodeIgniter->createController()
 3 SYSTEMPATH\CodeIgniter.php(368): CodeIgniter\CodeIgniter->handleRequest(null, Object(Config\Cache), false)
 4 FCPATH\index.php(67): CodeIgniter\CodeIgniter->run()
 5 SYSTEMPATH\Commands\Server\rewrite.php(47): require_once('C:\\xampp\\htdocs\\ppdb_online_ci4\\public\\index.php')
WARNING - 2023-05-06 14:59:23 --> [DEPRECATED] Creation of dynamic property App\Controllers\Daftar::$ModelPendaftaran is deprecated in APPPATH\Controllers\Daftar.php on line 16.
 1 SYSTEMPATH\CodeIgniter.php(906): App\Controllers\Daftar->__construct()
 2 SYSTEMPATH\CodeIgniter.php(490): CodeIgniter\CodeIgniter->createController()
 3 SYSTEMPATH\CodeIgniter.php(368): CodeIgniter\CodeIgniter->handleRequest(null, Object(Config\Cache), false)
 4 FCPATH\index.php(67): CodeIgniter\CodeIgniter->run()
 5 SYSTEMPATH\Commands\Server\rewrite.php(47): require_once('C:\\xampp\\htdocs\\ppdb_online_ci4\\public\\index.php')
CRITICAL - 2023-05-06 14:59:23 --> Trying to access array offset on value of type null
in APPPATH\Models\ModelPendaftaran.php on line 48.
 1 APPPATH\Models\ModelPendaftaran.php(48): CodeIgniter\Debug\Exceptions->errorHandler(2, 'Trying to access array offset on value of type null', 'C:\\xampp\\htdocs\\ppdb_online_ci4\\app\\Models\\ModelPendaftaran.php', 48)
 2 APPPATH\Controllers\Daftar.php(78): App\Models\ModelPendaftaran->noPendaftar()
 3 SYSTEMPATH\CodeIgniter.php(934): App\Controllers\Daftar->insertData()
 4 SYSTEMPATH\CodeIgniter.php(499): CodeIgniter\CodeIgniter->runController(Object(App\Controllers\Daftar))
 5 SYSTEMPATH\CodeIgniter.php(368): CodeIgniter\CodeIgniter->handleRequest(null, Object(Config\Cache), false)
 6 FCPATH\index.php(67): CodeIgniter\CodeIgniter->run()
 7 SYSTEMPATH\Commands\Server\rewrite.php(47): require_once('C:\\xampp\\htdocs\\ppdb_online_ci4\\public\\index.php')
WARNING - 2023-05-06 15:10:00 --> [DEPRECATED] Creation of dynamic property App\Controllers\Daftar::$ModelTa is deprecated in APPPATH\Controllers\Daftar.php on line 15.
 1 SYSTEMPATH\CodeIgniter.php(906): App\Controllers\Daftar->__construct()
 2 SYSTEMPATH\CodeIgniter.php(490): CodeIgniter\CodeIgniter->createController()
 3 SYSTEMPATH\CodeIgniter.php(368): CodeIgniter\CodeIgniter->handleRequest(null, Object(Config\Cache), false)
 4 FCPATH\index.php(67): CodeIgniter\CodeIgniter->run()
 5 SYSTEMPATH\Commands\Server\rewrite.php(47): require_once('C:\\xampp\\htdocs\\ppdb_online_ci4\\public\\index.php')
WARNING - 2023-05-06 15:10:00 --> [DEPRECATED] Creation of dynamic property App\Controllers\Daftar::$ModelPendaftaran is deprecated in APPPATH\Controllers\Daftar.php on line 16.
 1 SYSTEMPATH\CodeIgniter.php(906): App\Controllers\Daftar->__construct()
 2 SYSTEMPATH\CodeIgniter.php(490): CodeIgniter\CodeIgniter->createController()
 3 SYSTEMPATH\CodeIgniter.php(368): CodeIgniter\CodeIgniter->handleRequest(null, Object(Config\Cache), false)
 4 FCPATH\index.php(67): CodeIgniter\CodeIgniter->run()
 5 SYSTEMPATH\Commands\Server\rewrite.php(47): require_once('C:\\xampp\\htdocs\\ppdb_online_ci4\\public\\index.php')
CRITICAL - 2023-05-06 15:10:00 --> Undefined variable $no_daftar
in APPPATH\Controllers\Daftar.php on line 80.
 1 APPPATH\Controllers\Daftar.php(80): CodeIgniter\Debug\Exceptions->errorHandler(2, 'Undefined variable $no_daftar', 'C:\\xampp\\htdocs\\ppdb_online_ci4\\app\\Controllers\\Daftar.php', 80)
 2 SYSTEMPATH\CodeIgniter.php(934): App\Controllers\Daftar->insertData()
 3 SYSTEMPATH\CodeIgniter.php(499): CodeIgniter\CodeIgniter->runController(Object(App\Controllers\Daftar))
 4 SYSTEMPATH\CodeIgniter.php(368): CodeIgniter\CodeIgniter->handleRequest(null, Object(Config\Cache), false)
 5 FCPATH\index.php(67): CodeIgniter\CodeIgniter->run()
 6 SYSTEMPATH\Commands\Server\rewrite.php(47): require_once('C:\\xampp\\htdocs\\ppdb_online_ci4\\public\\index.php')
WARNING - 2023-05-06 15:14:15 --> [DEPRECATED] Creation of dynamic property App\Controllers\Daftar::$ModelTa is deprecated in APPPATH\Controllers\Daftar.php on line 15.
 1 SYSTEMPATH\CodeIgniter.php(906): App\Controllers\Daftar->__construct()
 2 SYSTEMPATH\CodeIgniter.php(490): CodeIgniter\CodeIgniter->createController()
 3 SYSTEMPATH\CodeIgniter.php(368): CodeIgniter\CodeIgniter->handleRequest(null, Object(Config\Cache), false)
 4 FCPATH\index.php(67): CodeIgniter\CodeIgniter->run()
 5 SYSTEMPATH\Commands\Server\rewrite.php(47): require_once('C:\\xampp\\htdocs\\ppdb_online_ci4\\public\\index.php')
WARNING - 2023-05-06 15:14:15 --> [DEPRECATED] Creation of dynamic property App\Controllers\Daftar::$ModelPendaftaran is deprecated in APPPATH\Controllers\Daftar.php on line 16.
 1 SYSTEMPATH\CodeIgniter.php(906): App\Controllers\Daftar->__construct()
 2 SYSTEMPATH\CodeIgniter.php(490): CodeIgniter\CodeIgniter->createController()
 3 SYSTEMPATH\CodeIgniter.php(368): CodeIgniter\CodeIgniter->handleRequest(null, Object(Config\Cache), false)
 4 FCPATH\index.php(67): CodeIgniter\CodeIgniter->run()
 5 SYSTEMPATH\Commands\Server\rewrite.php(47): require_once('C:\\xampp\\htdocs\\ppdb_online_ci4\\public\\index.php')
CRITICAL - 2023-05-06 15:14:15 --> Trying to access array offset on value of type null
in APPPATH\Models\ModelPendaftaran.php on line 48.
 1 APPPATH\Models\ModelPendaftaran.php(48): CodeIgniter\Debug\Exceptions->errorHandler(2, 'Trying to access array offset on value of type null', 'C:\\xampp\\htdocs\\ppdb_online_ci4\\app\\Models\\ModelPendaftaran.php', 48)
 2 APPPATH\Controllers\Daftar.php(78): App\Models\ModelPendaftaran->noPendaftar()
 3 SYSTEMPATH\CodeIgniter.php(934): App\Controllers\Daftar->insertData()
 4 SYSTEMPATH\CodeIgniter.php(499): CodeIgniter\CodeIgniter->runController(Object(App\Controllers\Daftar))
 5 SYSTEMPATH\CodeIgniter.php(368): CodeIgniter\CodeIgniter->handleRequest(null, Object(Config\Cache), false)
 6 FCPATH\index.php(67): CodeIgniter\CodeIgniter->run()
 7 SYSTEMPATH\Commands\Server\rewrite.php(47): require_once('C:\\xampp\\htdocs\\ppdb_online_ci4\\public\\index.php')
WARNING - 2023-05-06 15:16:21 --> [DEPRECATED] Creation of dynamic property App\Controllers\Daftar::$ModelTa is deprecated in APPPATH\Controllers\Daftar.php on line 15.
 1 SYSTEMPATH\CodeIgniter.php(906): App\Controllers\Daftar->__construct()
 2 SYSTEMPATH\CodeIgniter.php(490): CodeIgniter\CodeIgniter->createController()
 3 SYSTEMPATH\CodeIgniter.php(368): CodeIgniter\CodeIgniter->handleRequest(null, Object(Config\Cache), false)
 4 FCPATH\index.php(67): CodeIgniter\CodeIgniter->run()
 5 SYSTEMPATH\Commands\Server\rewrite.php(47): require_once('C:\\xampp\\htdocs\\ppdb_online_ci4\\public\\index.php')
WARNING - 2023-05-06 15:16:21 --> [DEPRECATED] Creation of dynamic property App\Controllers\Daftar::$ModelPendaftaran is deprecated in APPPATH\Controllers\Daftar.php on line 16.
 1 SYSTEMPATH\CodeIgniter.php(906): App\Controllers\Daftar->__construct()
 2 SYSTEMPATH\CodeIgniter.php(490): CodeIgniter\CodeIgniter->createController()
 3 SYSTEMPATH\CodeIgniter.php(368): CodeIgniter\CodeIgniter->handleRequest(null, Object(Config\Cache), false)
 4 FCPATH\index.php(67): CodeIgniter\CodeIgniter->run()
 5 SYSTEMPATH\Commands\Server\rewrite.php(47): require_once('C:\\xampp\\htdocs\\ppdb_online_ci4\\public\\index.php')
INFO - 2023-05-06 15:16:21 --> Session: Class initialized using 'CodeIgniter\Session\Handlers\FileHandler' driver.
WARNING - 2023-05-06 15:16:21 --> [DEPRECATED] Creation of dynamic property App\Controllers\Daftar::$ModelTa is deprecated in APPPATH\Controllers\Daftar.php on line 15.
 1 SYSTEMPATH\CodeIgniter.php(906): App\Controllers\Daftar->__construct()
 2 SYSTEMPATH\CodeIgniter.php(490): CodeIgniter\CodeIgniter->createController()
 3 SYSTEMPATH\CodeIgniter.php(368): CodeIgniter\CodeIgniter->handleRequest(null, Object(Config\Cache), false)
 4 FCPATH\index.php(67): CodeIgniter\CodeIgniter->run()
 5 SYSTEMPATH\Commands\Server\rewrite.php(47): require_once('C:\\xampp\\htdocs\\ppdb_online_ci4\\public\\index.php')
WARNING - 2023-05-06 15:16:21 --> [DEPRECATED] Creation of dynamic property App\Controllers\Daftar::$ModelPendaftaran is deprecated in APPPATH\Controllers\Daftar.php on line 16.
 1 SYSTEMPATH\CodeIgniter.php(906): App\Controllers\Daftar->__construct()
 2 SYSTEMPATH\CodeIgniter.php(490): CodeIgniter\CodeIgniter->createController()
 3 SYSTEMPATH\CodeIgniter.php(368): CodeIgniter\CodeIgniter->handleRequest(null, Object(Config\Cache), false)
 4 FCPATH\index.php(67): CodeIgniter\CodeIgniter->run()
 5 SYSTEMPATH\Commands\Server\rewrite.php(47): require_once('C:\\xampp\\htdocs\\ppdb_online_ci4\\public\\index.php')
INFO - 2023-05-06 15:16:21 --> Session: Class initialized using 'CodeIgniter\Session\Handlers\FileHandler' driver.
WARNING - 2023-05-06 15:17:40 --> [DEPRECATED] Creation of dynamic property App\Controllers\Daftar::$ModelTa is deprecated in APPPATH\Controllers\Daftar.php on line 15.
 1 SYSTEMPATH\CodeIgniter.php(906): App\Controllers\Daftar->__construct()
 2 SYSTEMPATH\CodeIgniter.php(490): CodeIgniter\CodeIgniter->createController()
 3 SYSTEMPATH\CodeIgniter.php(368): CodeIgniter\CodeIgniter->handleRequest(null, Object(Config\Cache), false)
 4 FCPATH\index.php(67): CodeIgniter\CodeIgniter->run()
 5 SYSTEMPATH\Commands\Server\rewrite.php(47): require_once('C:\\xampp\\htdocs\\ppdb_online_ci4\\public\\index.php')
WARNING - 2023-05-06 15:17:40 --> [DEPRECATED] Creation of dynamic property App\Controllers\Daftar::$ModelPendaftaran is deprecated in APPPATH\Controllers\Daftar.php on line 16.
 1 SYSTEMPATH\CodeIgniter.php(906): App\Controllers\Daftar->__construct()
 2 SYSTEMPATH\CodeIgniter.php(490): CodeIgniter\CodeIgniter->createController()
 3 SYSTEMPATH\CodeIgniter.php(368): CodeIgniter\CodeIgniter->handleRequest(null, Object(Config\Cache), false)
 4 FCPATH\index.php(67): CodeIgniter\CodeIgniter->run()
 5 SYSTEMPATH\Commands\Server\rewrite.php(47): require_once('C:\\xampp\\htdocs\\ppdb_online_ci4\\public\\index.php')
INFO - 2023-05-06 15:17:40 --> Session: Class initialized using 'CodeIgniter\Session\Handlers\FileHandler' driver.
WARNING - 2023-05-06 15:18:30 --> [DEPRECATED] Creation of dynamic property App\Controllers\Daftar::$ModelTa is deprecated in APPPATH\Controllers\Daftar.php on line 15.
 1 SYSTEMPATH\CodeIgniter.php(906): App\Controllers\Daftar->__construct()
 2 SYSTEMPATH\CodeIgniter.php(490): CodeIgniter\CodeIgniter->createController()
 3 SYSTEMPATH\CodeIgniter.php(368): CodeIgniter\CodeIgniter->handleRequest(null, Object(Config\Cache), false)
 4 FCPATH\index.php(67): CodeIgniter\CodeIgniter->run()
 5 SYSTEMPATH\Commands\Server\rewrite.php(47): require_once('C:\\xampp\\htdocs\\ppdb_online_ci4\\public\\index.php')
WARNING - 2023-05-06 15:18:30 --> [DEPRECATED] Creation of dynamic property App\Controllers\Daftar::$ModelPendaftaran is deprecated in APPPATH\Controllers\Daftar.php on line 16.
 1 SYSTEMPATH\CodeIgniter.php(906): App\Controllers\Daftar->__construct()
 2 SYSTEMPATH\CodeIgniter.php(490): CodeIgniter\CodeIgniter->createController()
 3 SYSTEMPATH\CodeIgniter.php(368): CodeIgniter\CodeIgniter->handleRequest(null, Object(Config\Cache), false)
 4 FCPATH\index.php(67): CodeIgniter\CodeIgniter->run()
 5 SYSTEMPATH\Commands\Server\rewrite.php(47): require_once('C:\\xampp\\htdocs\\ppdb_online_ci4\\public\\index.php')
INFO - 2023-05-06 15:18:30 --> Session: Class initialized using 'CodeIgniter\Session\Handlers\FileHandler' driver.
WARNING - 2023-05-06 15:18:30 --> [DEPRECATED] Creation of dynamic property App\Controllers\Daftar::$ModelTa is deprecated in APPPATH\Controllers\Daftar.php on line 15.
 1 SYSTEMPATH\CodeIgniter.php(906): App\Controllers\Daftar->__construct()
 2 SYSTEMPATH\CodeIgniter.php(490): CodeIgniter\CodeIgniter->createController()
 3 SYSTEMPATH\CodeIgniter.php(368): CodeIgniter\CodeIgniter->handleRequest(null, Object(Config\Cache), false)
 4 FCPATH\index.php(67): CodeIgniter\CodeIgniter->run()
 5 SYSTEMPATH\Commands\Server\rewrite.php(47): require_once('C:\\xampp\\htdocs\\ppdb_online_ci4\\public\\index.php')
WARNING - 2023-05-06 15:18:30 --> [DEPRECATED] Creation of dynamic property App\Controllers\Daftar::$ModelPendaftaran is deprecated in APPPATH\Controllers\Daftar.php on line 16.
 1 SYSTEMPATH\CodeIgniter.php(906): App\Controllers\Daftar->__construct()
 2 SYSTEMPATH\CodeIgniter.php(490): CodeIgniter\CodeIgniter->createController()
 3 SYSTEMPATH\CodeIgniter.php(368): CodeIgniter\CodeIgniter->handleRequest(null, Object(Config\Cache), false)
 4 FCPATH\index.php(67): CodeIgniter\CodeIgniter->run()
 5 SYSTEMPATH\Commands\Server\rewrite.php(47): require_once('C:\\xampp\\htdocs\\ppdb_online_ci4\\public\\index.php')
INFO - 2023-05-06 15:18:30 --> Session: Class initialized using 'CodeIgniter\Session\Handlers\FileHandler' driver.
WARNING - 2023-05-06 15:19:18 --> [DEPRECATED] Creation of dynamic property App\Controllers\Daftar::$ModelTa is deprecated in APPPATH\Controllers\Daftar.php on line 15.
 1 SYSTEMPATH\CodeIgniter.php(906): App\Controllers\Daftar->__construct()
 2 SYSTEMPATH\CodeIgniter.php(490): CodeIgniter\CodeIgniter->createController()
 3 SYSTEMPATH\CodeIgniter.php(368): CodeIgniter\CodeIgniter->handleRequest(null, Object(Config\Cache), false)
 4 FCPATH\index.php(67): CodeIgniter\CodeIgniter->run()
 5 SYSTEMPATH\Commands\Server\rewrite.php(47): require_once('C:\\xampp\\htdocs\\ppdb_online_ci4\\public\\index.php')
WARNING - 2023-05-06 15:19:18 --> [DEPRECATED] Creation of dynamic property App\Controllers\Daftar::$ModelPendaftaran is deprecated in APPPATH\Controllers\Daftar.php on line 16.
 1 SYSTEMPATH\CodeIgniter.php(906): App\Controllers\Daftar->__construct()
 2 SYSTEMPATH\CodeIgniter.php(490): CodeIgniter\CodeIgniter->createController()
 3 SYSTEMPATH\CodeIgniter.php(368): CodeIgniter\CodeIgniter->handleRequest(null, Object(Config\Cache), false)
 4 FCPATH\index.php(67): CodeIgniter\CodeIgniter->run()
 5 SYSTEMPATH\Commands\Server\rewrite.php(47): require_once('C:\\xampp\\htdocs\\ppdb_online_ci4\\public\\index.php')
INFO - 2023-05-06 15:19:18 --> Session: Class initialized using 'CodeIgniter\Session\Handlers\FileHandler' driver.
WARNING - 2023-05-06 15:19:18 --> [DEPRECATED] Creation of dynamic property App\Controllers\Daftar::$ModelTa is deprecated in APPPATH\Controllers\Daftar.php on line 15.
 1 SYSTEMPATH\CodeIgniter.php(906): App\Controllers\Daftar->__construct()
 2 SYSTEMPATH\CodeIgniter.php(490): CodeIgniter\CodeIgniter->createController()
 3 SYSTEMPATH\CodeIgniter.php(368): CodeIgniter\CodeIgniter->handleRequest(null, Object(Config\Cache), false)
 4 FCPATH\index.php(67): CodeIgniter\CodeIgniter->run()
 5 SYSTEMPATH\Commands\Server\rewrite.php(47): require_once('C:\\xampp\\htdocs\\ppdb_online_ci4\\public\\index.php')
WARNING - 2023-05-06 15:19:18 --> [DEPRECATED] Creation of dynamic property App\Controllers\Daftar::$ModelPendaftaran is deprecated in APPPATH\Controllers\Daftar.php on line 16.
 1 SYSTEMPATH\CodeIgniter.php(906): App\Controllers\Daftar->__construct()
 2 SYSTEMPATH\CodeIgniter.php(490): CodeIgniter\CodeIgniter->createController()
 3 SYSTEMPATH\CodeIgniter.php(368): CodeIgniter\CodeIgniter->handleRequest(null, Object(Config\Cache), false)
 4 FCPATH\index.php(67): CodeIgniter\CodeIgniter->run()
 5 SYSTEMPATH\Commands\Server\rewrite.php(47): require_once('C:\\xampp\\htdocs\\ppdb_online_ci4\\public\\index.php')
INFO - 2023-05-06 15:19:18 --> Session: Class initialized using 'CodeIgniter\Session\Handlers\FileHandler' driver.
WARNING - 2023-05-06 15:20:14 --> [DEPRECATED] Creation of dynamic property App\Controllers\Daftar::$ModelTa is deprecated in APPPATH\Controllers\Daftar.php on line 15.
 1 SYSTEMPATH\CodeIgniter.php(906): App\Controllers\Daftar->__construct()
 2 SYSTEMPATH\CodeIgniter.php(490): CodeIgniter\CodeIgniter->createController()
 3 SYSTEMPATH\CodeIgniter.php(368): CodeIgniter\CodeIgniter->handleRequest(null, Object(Config\Cache), false)
 4 FCPATH\index.php(67): CodeIgniter\CodeIgniter->run()
 5 SYSTEMPATH\Commands\Server\rewrite.php(47): require_once('C:\\xampp\\htdocs\\ppdb_online_ci4\\public\\index.php')
WARNING - 2023-05-06 15:20:14 --> [DEPRECATED] Creation of dynamic property App\Controllers\Daftar::$ModelPendaftaran is deprecated in APPPATH\Controllers\Daftar.php on line 16.
 1 SYSTEMPATH\CodeIgniter.php(906): App\Controllers\Daftar->__construct()
 2 SYSTEMPATH\CodeIgniter.php(490): CodeIgniter\CodeIgniter->createController()
 3 SYSTEMPATH\CodeIgniter.php(368): CodeIgniter\CodeIgniter->handleRequest(null, Object(Config\Cache), false)
 4 FCPATH\index.php(67): CodeIgniter\CodeIgniter->run()
 5 SYSTEMPATH\Commands\Server\rewrite.php(47): require_once('C:\\xampp\\htdocs\\ppdb_online_ci4\\public\\index.php')
INFO - 2023-05-06 15:20:14 --> Session: Class initialized using 'CodeIgniter\Session\Handlers\FileHandler' driver.
WARNING - 2023-05-06 15:20:14 --> [DEPRECATED] Creation of dynamic property App\Controllers\Daftar::$ModelTa is deprecated in APPPATH\Controllers\Daftar.php on line 15.
 1 SYSTEMPATH\CodeIgniter.php(906): App\Controllers\Daftar->__construct()
 2 SYSTEMPATH\CodeIgniter.php(490): CodeIgniter\CodeIgniter->createController()
 3 SYSTEMPATH\CodeIgniter.php(368): CodeIgniter\CodeIgniter->handleRequest(null, Object(Config\Cache), false)
 4 FCPATH\index.php(67): CodeIgniter\CodeIgniter->run()
 5 SYSTEMPATH\Commands\Server\rewrite.php(47): require_once('C:\\xampp\\htdocs\\ppdb_online_ci4\\public\\index.php')
WARNING - 2023-05-06 15:20:14 --> [DEPRECATED] Creation of dynamic property App\Controllers\Daftar::$ModelPendaftaran is deprecated in APPPATH\Controllers\Daftar.php on line 16.
 1 SYSTEMPATH\CodeIgniter.php(906): App\Controllers\Daftar->__construct()
 2 SYSTEMPATH\CodeIgniter.php(490): CodeIgniter\CodeIgniter->createController()
 3 SYSTEMPATH\CodeIgniter.php(368): CodeIgniter\CodeIgniter->handleRequest(null, Object(Config\Cache), false)
 4 FCPATH\index.php(67): CodeIgniter\CodeIgniter->run()
 5 SYSTEMPATH\Commands\Server\rewrite.php(47): require_once('C:\\xampp\\htdocs\\ppdb_online_ci4\\public\\index.php')
INFO - 2023-05-06 15:20:14 --> Session: Class initialized using 'CodeIgniter\Session\Handlers\FileHandler' driver.
WARNING - 2023-05-06 15:21:36 --> [DEPRECATED] Creation of dynamic property App\Controllers\Daftar::$ModelTa is deprecated in APPPATH\Controllers\Daftar.php on line 15.
 1 SYSTEMPATH\CodeIgniter.php(906): App\Controllers\Daftar->__construct()
 2 SYSTEMPATH\CodeIgniter.php(490): CodeIgniter\CodeIgniter->createController()
 3 SYSTEMPATH\CodeIgniter.php(368): CodeIgniter\CodeIgniter->handleRequest(null, Object(Config\Cache), false)
 4 FCPATH\index.php(67): CodeIgniter\CodeIgniter->run()
 5 SYSTEMPATH\Commands\Server\rewrite.php(47): require_once('C:\\xampp\\htdocs\\ppdb_online_ci4\\public\\index.php')
WARNING - 2023-05-06 15:21:36 --> [DEPRECATED] Creation of dynamic property App\Controllers\Daftar::$ModelPendaftaran is deprecated in APPPATH\Controllers\Daftar.php on line 16.
 1 SYSTEMPATH\CodeIgniter.php(906): App\Controllers\Daftar->__construct()
 2 SYSTEMPATH\CodeIgniter.php(490): CodeIgniter\CodeIgniter->createController()
 3 SYSTEMPATH\CodeIgniter.php(368): CodeIgniter\CodeIgniter->handleRequest(null, Object(Config\Cache), false)
 4 FCPATH\index.php(67): CodeIgniter\CodeIgniter->run()
 5 SYSTEMPATH\Commands\Server\rewrite.php(47): require_once('C:\\xampp\\htdocs\\ppdb_online_ci4\\public\\index.php')
INFO - 2023-05-06 15:21:37 --> Session: Class initialized using 'CodeIgniter\Session\Handlers\FileHandler' driver.
WARNING - 2023-05-06 15:21:37 --> [DEPRECATED] Creation of dynamic property App\Controllers\Daftar::$ModelTa is deprecated in APPPATH\Controllers\Daftar.php on line 15.
 1 SYSTEMPATH\CodeIgniter.php(906): App\Controllers\Daftar->__construct()
 2 SYSTEMPATH\CodeIgniter.php(490): CodeIgniter\CodeIgniter->createController()
 3 SYSTEMPATH\CodeIgniter.php(368): CodeIgniter\CodeIgniter->handleRequest(null, Object(Config\Cache), false)
 4 FCPATH\index.php(67): CodeIgniter\CodeIgniter->run()
 5 SYSTEMPATH\Commands\Server\rewrite.php(47): require_once('C:\\xampp\\htdocs\\ppdb_online_ci4\\public\\index.php')
WARNING - 2023-05-06 15:21:37 --> [DEPRECATED] Creation of dynamic property App\Controllers\Daftar::$ModelPendaftaran is deprecated in APPPATH\Controllers\Daftar.php on line 16.
 1 SYSTEMPATH\CodeIgniter.php(906): App\Controllers\Daftar->__construct()
 2 SYSTEMPATH\CodeIgniter.php(490): CodeIgniter\CodeIgniter->createController()
 3 SYSTEMPATH\CodeIgniter.php(368): CodeIgniter\CodeIgniter->handleRequest(null, Object(Config\Cache), false)
 4 FCPATH\index.php(67): CodeIgniter\CodeIgniter->run()
 5 SYSTEMPATH\Commands\Server\rewrite.php(47): require_once('C:\\xampp\\htdocs\\ppdb_online_ci4\\public\\index.php')
INFO - 2023-05-06 15:21:37 --> Session: Class initialized using 'CodeIgniter\Session\Handlers\FileHandler' driver.
WARNING - 2023-05-06 15:22:24 --> [DEPRECATED] Creation of dynamic property App\Controllers\Daftar::$ModelTa is deprecated in APPPATH\Controllers\Daftar.php on line 15.
 1 SYSTEMPATH\CodeIgniter.php(906): App\Controllers\Daftar->__construct()
 2 SYSTEMPATH\CodeIgniter.php(490): CodeIgniter\CodeIgniter->createController()
 3 SYSTEMPATH\CodeIgniter.php(368): CodeIgniter\CodeIgniter->handleRequest(null, Object(Config\Cache), false)
 4 FCPATH\index.php(67): CodeIgniter\CodeIgniter->run()
 5 SYSTEMPATH\Commands\Server\rewrite.php(47): require_once('C:\\xampp\\htdocs\\ppdb_online_ci4\\public\\index.php')
WARNING - 2023-05-06 15:22:24 --> [DEPRECATED] Creation of dynamic property App\Controllers\Daftar::$ModelPendaftaran is deprecated in APPPATH\Controllers\Daftar.php on line 16.
 1 SYSTEMPATH\CodeIgniter.php(906): App\Controllers\Daftar->__construct()
 2 SYSTEMPATH\CodeIgniter.php(490): CodeIgniter\CodeIgniter->createController()
 3 SYSTEMPATH\CodeIgniter.php(368): CodeIgniter\CodeIgniter->handleRequest(null, Object(Config\Cache), false)
 4 FCPATH\index.php(67): CodeIgniter\CodeIgniter->run()
 5 SYSTEMPATH\Commands\Server\rewrite.php(47): require_once('C:\\xampp\\htdocs\\ppdb_online_ci4\\public\\index.php')
INFO - 2023-05-06 15:22:24 --> Session: Class initialized using 'CodeIgniter\Session\Handlers\FileHandler' driver.
WARNING - 2023-05-06 15:22:24 --> [DEPRECATED] Creation of dynamic property App\Controllers\Daftar::$ModelTa is deprecated in APPPATH\Controllers\Daftar.php on line 15.
 1 SYSTEMPATH\CodeIgniter.php(906): App\Controllers\Daftar->__construct()
 2 SYSTEMPATH\CodeIgniter.php(490): CodeIgniter\CodeIgniter->createController()
 3 SYSTEMPATH\CodeIgniter.php(368): CodeIgniter\CodeIgniter->handleRequest(null, Object(Config\Cache), false)
 4 FCPATH\index.php(67): CodeIgniter\CodeIgniter->run()
 5 SYSTEMPATH\Commands\Server\rewrite.php(47): require_once('C:\\xampp\\htdocs\\ppdb_online_ci4\\public\\index.php')
WARNING - 2023-05-06 15:22:24 --> [DEPRECATED] Creation of dynamic property App\Controllers\Daftar::$ModelPendaftaran is deprecated in APPPATH\Controllers\Daftar.php on line 16.
 1 SYSTEMPATH\CodeIgniter.php(906): App\Controllers\Daftar->__construct()
 2 SYSTEMPATH\CodeIgniter.php(490): CodeIgniter\CodeIgniter->createController()
 3 SYSTEMPATH\CodeIgniter.php(368): CodeIgniter\CodeIgniter->handleRequest(null, Object(Config\Cache), false)
 4 FCPATH\index.php(67): CodeIgniter\CodeIgniter->run()
 5 SYSTEMPATH\Commands\Server\rewrite.php(47): require_once('C:\\xampp\\htdocs\\ppdb_online_ci4\\public\\index.php')
INFO - 2023-05-06 15:22:24 --> Session: Class initialized using 'CodeIgniter\Session\Handlers\FileHandler' driver.
WARNING - 2023-05-06 15:23:19 --> [DEPRECATED] Creation of dynamic property App\Controllers\Auth::$ModelAuth is deprecated in APPPATH\Controllers\Auth.php on line 15.
 1 SYSTEMPATH\CodeIgniter.php(906): App\Controllers\Auth->__construct()
 2 SYSTEMPATH\CodeIgniter.php(490): CodeIgniter\CodeIgniter->createController()
 3 SYSTEMPATH\CodeIgniter.php(368): CodeIgniter\CodeIgniter->handleRequest(null, Object(Config\Cache), false)
 4 FCPATH\index.php(67): CodeIgniter\CodeIgniter->run()
 5 SYSTEMPATH\Commands\Server\rewrite.php(47): require_once('C:\\xampp\\htdocs\\ppdb_online_ci4\\public\\index.php')
WARNING - 2023-05-06 15:23:19 --> [DEPRECATED] Creation of dynamic property App\Controllers\Auth::$ModelTa is deprecated in APPPATH\Controllers\Auth.php on line 16.
 1 SYSTEMPATH\CodeIgniter.php(906): App\Controllers\Auth->__construct()
 2 SYSTEMPATH\CodeIgniter.php(490): CodeIgniter\CodeIgniter->createController()
 3 SYSTEMPATH\CodeIgniter.php(368): CodeIgniter\CodeIgniter->handleRequest(null, Object(Config\Cache), false)
 4 FCPATH\index.php(67): CodeIgniter\CodeIgniter->run()
 5 SYSTEMPATH\Commands\Server\rewrite.php(47): require_once('C:\\xampp\\htdocs\\ppdb_online_ci4\\public\\index.php')
WARNING - 2023-05-06 15:23:19 --> [DEPRECATED] Creation of dynamic property App\Controllers\Auth::$ModelPendaftaran is deprecated in APPPATH\Controllers\Auth.php on line 17.
 1 SYSTEMPATH\CodeIgniter.php(906): App\Controllers\Auth->__construct()
 2 SYSTEMPATH\CodeIgniter.php(490): CodeIgniter\CodeIgniter->createController()
 3 SYSTEMPATH\CodeIgniter.php(368): CodeIgniter\CodeIgniter->handleRequest(null, Object(Config\Cache), false)
 4 FCPATH\index.php(67): CodeIgniter\CodeIgniter->run()
 5 SYSTEMPATH\Commands\Server\rewrite.php(47): require_once('C:\\xampp\\htdocs\\ppdb_online_ci4\\public\\index.php')
INFO - 2023-05-06 15:23:19 --> Session: Class initialized using 'CodeIgniter\Session\Handlers\FileHandler' driver.
WARNING - 2023-05-06 15:23:19 --> [DEPRECATED] Creation of dynamic property App\Controllers\Auth::$ModelAuth is deprecated in APPPATH\Controllers\Auth.php on line 15.
 1 SYSTEMPATH\CodeIgniter.php(906): App\Controllers\Auth->__construct()
 2 SYSTEMPATH\CodeIgniter.php(490): CodeIgniter\CodeIgniter->createController()
 3 SYSTEMPATH\CodeIgniter.php(368): CodeIgniter\CodeIgniter->handleRequest(null, Object(Config\Cache), false)
 4 FCPATH\index.php(67): CodeIgniter\CodeIgniter->run()
 5 SYSTEMPATH\Commands\Server\rewrite.php(47): require_once('C:\\xampp\\htdocs\\ppdb_online_ci4\\public\\index.php')
WARNING - 2023-05-06 15:23:19 --> [DEPRECATED] Creation of dynamic property App\Controllers\Auth::$ModelTa is deprecated in APPPATH\Controllers\Auth.php on line 16.
 1 SYSTEMPATH\CodeIgniter.php(906): App\Controllers\Auth->__construct()
 2 SYSTEMPATH\CodeIgniter.php(490): CodeIgniter\CodeIgniter->createController()
 3 SYSTEMPATH\CodeIgniter.php(368): CodeIgniter\CodeIgniter->handleRequest(null, Object(Config\Cache), false)
 4 FCPATH\index.php(67): CodeIgniter\CodeIgniter->run()
 5 SYSTEMPATH\Commands\Server\rewrite.php(47): require_once('C:\\xampp\\htdocs\\ppdb_online_ci4\\public\\index.php')
WARNING - 2023-05-06 15:23:19 --> [DEPRECATED] Creation of dynamic property App\Controllers\Auth::$ModelPendaftaran is deprecated in APPPATH\Controllers\Auth.php on line 17.
 1 SYSTEMPATH\CodeIgniter.php(906): App\Controllers\Auth->__construct()
 2 SYSTEMPATH\CodeIgniter.php(490): CodeIgniter\CodeIgniter->createController()
 3 SYSTEMPATH\CodeIgniter.php(368): CodeIgniter\CodeIgniter->handleRequest(null, Object(Config\Cache), false)
 4 FCPATH\index.php(67): CodeIgniter\CodeIgniter->run()
 5 SYSTEMPATH\Commands\Server\rewrite.php(47): require_once('C:\\xampp\\htdocs\\ppdb_online_ci4\\public\\index.php')
INFO - 2023-05-06 15:23:19 --> Session: Class initialized using 'CodeIgniter\Session\Handlers\FileHandler' driver.
WARNING - 2023-05-06 15:23:27 --> [DEPRECATED] Creation of dynamic property App\Controllers\Auth::$ModelAuth is deprecated in APPPATH\Controllers\Auth.php on line 15.
 1 SYSTEMPATH\CodeIgniter.php(906): App\Controllers\Auth->__construct()
 2 SYSTEMPATH\CodeIgniter.php(490): CodeIgniter\CodeIgniter->createController()
 3 SYSTEMPATH\CodeIgniter.php(368): CodeIgniter\CodeIgniter->handleRequest(null, Object(Config\Cache), false)
 4 FCPATH\index.php(67): CodeIgniter\CodeIgniter->run()
 5 SYSTEMPATH\Commands\Server\rewrite.php(47): require_once('C:\\xampp\\htdocs\\ppdb_online_ci4\\public\\index.php')
WARNING - 2023-05-06 15:23:27 --> [DEPRECATED] Creation of dynamic property App\Controllers\Auth::$ModelTa is deprecated in APPPATH\Controllers\Auth.php on line 16.
 1 SYSTEMPATH\CodeIgniter.php(906): App\Controllers\Auth->__construct()
 2 SYSTEMPATH\CodeIgniter.php(490): CodeIgniter\CodeIgniter->createController()
 3 SYSTEMPATH\CodeIgniter.php(368): CodeIgniter\CodeIgniter->handleRequest(null, Object(Config\Cache), false)
 4 FCPATH\index.php(67): CodeIgniter\CodeIgniter->run()
 5 SYSTEMPATH\Commands\Server\rewrite.php(47): require_once('C:\\xampp\\htdocs\\ppdb_online_ci4\\public\\index.php')
WARNING - 2023-05-06 15:23:27 --> [DEPRECATED] Creation of dynamic property App\Controllers\Auth::$ModelPendaftaran is deprecated in APPPATH\Controllers\Auth.php on line 17.
 1 SYSTEMPATH\CodeIgniter.php(906): App\Controllers\Auth->__construct()
 2 SYSTEMPATH\CodeIgniter.php(490): CodeIgniter\CodeIgniter->createController()
 3 SYSTEMPATH\CodeIgniter.php(368): CodeIgniter\CodeIgniter->handleRequest(null, Object(Config\Cache), false)
 4 FCPATH\index.php(67): CodeIgniter\CodeIgniter->run()
 5 SYSTEMPATH\Commands\Server\rewrite.php(47): require_once('C:\\xampp\\htdocs\\ppdb_online_ci4\\public\\index.php')
INFO - 2023-05-06 15:23:27 --> Session: Class initialized using 'CodeIgniter\Session\Handlers\FileHandler' driver.
INFO - 2023-05-06 15:23:27 --> Session: Class initialized using 'CodeIgniter\Session\Handlers\FileHandler' driver.
INFO - 2023-05-06 15:23:46 --> Session: Class initialized using 'CodeIgniter\Session\Handlers\FileHandler' driver.
INFO - 2023-05-06 15:23:52 --> Session: Class initialized using 'CodeIgniter\Session\Handlers\FileHandler' driver.
WARNING - 2023-05-06 15:24:20 --> [DEPRECATED] Creation of dynamic property App\Controllers\Auth::$ModelAuth is deprecated in APPPATH\Controllers\Auth.php on line 15.
 1 SYSTEMPATH\CodeIgniter.php(906): App\Controllers\Auth->__construct()
 2 SYSTEMPATH\CodeIgniter.php(490): CodeIgniter\CodeIgniter->createController()
 3 SYSTEMPATH\CodeIgniter.php(368): CodeIgniter\CodeIgniter->handleRequest(null, Object(Config\Cache), false)
 4 FCPATH\index.php(67): CodeIgniter\CodeIgniter->run()
 5 SYSTEMPATH\Commands\Server\rewrite.php(47): require_once('C:\\xampp\\htdocs\\ppdb_online_ci4\\public\\index.php')
WARNING - 2023-05-06 15:24:20 --> [DEPRECATED] Creation of dynamic property App\Controllers\Auth::$ModelTa is deprecated in APPPATH\Controllers\Auth.php on line 16.
 1 SYSTEMPATH\CodeIgniter.php(906): App\Controllers\Auth->__construct()
 2 SYSTEMPATH\CodeIgniter.php(490): CodeIgniter\CodeIgniter->createController()
 3 SYSTEMPATH\CodeIgniter.php(368): CodeIgniter\CodeIgniter->handleRequest(null, Object(Config\Cache), false)
 4 FCPATH\index.php(67): CodeIgniter\CodeIgniter->run()
 5 SYSTEMPATH\Commands\Server\rewrite.php(47): require_once('C:\\xampp\\htdocs\\ppdb_online_ci4\\public\\index.php')
WARNING - 2023-05-06 15:24:20 --> [DEPRECATED] Creation of dynamic property App\Controllers\Auth::$ModelPendaftaran is deprecated in APPPATH\Controllers\Auth.php on line 17.
 1 SYSTEMPATH\CodeIgniter.php(906): App\Controllers\Auth->__construct()
 2 SYSTEMPATH\CodeIgniter.php(490): CodeIgniter\CodeIgniter->createController()
 3 SYSTEMPATH\CodeIgniter.php(368): CodeIgniter\CodeIgniter->handleRequest(null, Object(Config\Cache), false)
 4 FCPATH\index.php(67): CodeIgniter\CodeIgniter->run()
 5 SYSTEMPATH\Commands\Server\rewrite.php(47): require_once('C:\\xampp\\htdocs\\ppdb_online_ci4\\public\\index.php')
INFO - 2023-05-06 15:24:20 --> Session: Class initialized using 'CodeIgniter\Session\Handlers\FileHandler' driver.
WARNING - 2023-05-06 15:24:20 --> [DEPRECATED] Creation of dynamic property App\Controllers\Auth::$ModelAuth is deprecated in APPPATH\Controllers\Auth.php on line 15.
 1 SYSTEMPATH\CodeIgniter.php(906): App\Controllers\Auth->__construct()
 2 SYSTEMPATH\CodeIgniter.php(490): CodeIgniter\CodeIgniter->createController()
 3 SYSTEMPATH\CodeIgniter.php(368): CodeIgniter\CodeIgniter->handleRequest(null, Object(Config\Cache), false)
 4 FCPATH\index.php(67): CodeIgniter\CodeIgniter->run()
 5 SYSTEMPATH\Commands\Server\rewrite.php(47): require_once('C:\\xampp\\htdocs\\ppdb_online_ci4\\public\\index.php')
WARNING - 2023-05-06 15:24:20 --> [DEPRECATED] Creation of dynamic property App\Controllers\Auth::$ModelTa is deprecated in APPPATH\Controllers\Auth.php on line 16.
 1 SYSTEMPATH\CodeIgniter.php(906): App\Controllers\Auth->__construct()
 2 SYSTEMPATH\CodeIgniter.php(490): CodeIgniter\CodeIgniter->createController()
 3 SYSTEMPATH\CodeIgniter.php(368): CodeIgniter\CodeIgniter->handleRequest(null, Object(Config\Cache), false)
 4 FCPATH\index.php(67): CodeIgniter\CodeIgniter->run()
 5 SYSTEMPATH\Commands\Server\rewrite.php(47): require_once('C:\\xampp\\htdocs\\ppdb_online_ci4\\public\\index.php')
WARNING - 2023-05-06 15:24:20 --> [DEPRECATED] Creation of dynamic property App\Controllers\Auth::$ModelPendaftaran is deprecated in APPPATH\Controllers\Auth.php on line 17.
 1 SYSTEMPATH\CodeIgniter.php(906): App\Controllers\Auth->__construct()
 2 SYSTEMPATH\CodeIgniter.php(490): CodeIgniter\CodeIgniter->createController()
 3 SYSTEMPATH\CodeIgniter.php(368): CodeIgniter\CodeIgniter->handleRequest(null, Object(Config\Cache), false)
 4 FCPATH\index.php(67): CodeIgniter\CodeIgniter->run()
 5 SYSTEMPATH\Commands\Server\rewrite.php(47): require_once('C:\\xampp\\htdocs\\ppdb_online_ci4\\public\\index.php')
INFO - 2023-05-06 15:24:20 --> Session: Class initialized using 'CodeIgniter\Session\Handlers\FileHandler' driver.
INFO - 2023-05-06 15:24:30 --> Session: Class initialized using 'CodeIgniter\Session\Handlers\FileHandler' driver.
INFO - 2023-05-06 15:44:05 --> Session: Class initialized using 'CodeIgniter\Session\Handlers\FileHandler' driver.
WARNING - 2023-05-06 15:44:07 --> [DEPRECATED] Creation of dynamic property App\Controllers\Daftar::$ModelTa is deprecated in APPPATH\Controllers\Daftar.php on line 15.
 1 SYSTEMPATH\CodeIgniter.php(906): App\Controllers\Daftar->__construct()
 2 SYSTEMPATH\CodeIgniter.php(490): CodeIgniter\CodeIgniter->createController()
 3 SYSTEMPATH\CodeIgniter.php(368): CodeIgniter\CodeIgniter->handleRequest(null, Object(Config\Cache), false)
 4 FCPATH\index.php(67): CodeIgniter\CodeIgniter->run()
 5 SYSTEMPATH\Commands\Server\rewrite.php(47): require_once('C:\\xampp\\htdocs\\ppdb_online_ci4\\public\\index.php')
WARNING - 2023-05-06 15:44:07 --> [DEPRECATED] Creation of dynamic property App\Controllers\Daftar::$ModelPendaftaran is deprecated in APPPATH\Controllers\Daftar.php on line 16.
 1 SYSTEMPATH\CodeIgniter.php(906): App\Controllers\Daftar->__construct()
 2 SYSTEMPATH\CodeIgniter.php(490): CodeIgniter\CodeIgniter->createController()
 3 SYSTEMPATH\CodeIgniter.php(368): CodeIgniter\CodeIgniter->handleRequest(null, Object(Config\Cache), false)
 4 FCPATH\index.php(67): CodeIgniter\CodeIgniter->run()
 5 SYSTEMPATH\Commands\Server\rewrite.php(47): require_once('C:\\xampp\\htdocs\\ppdb_online_ci4\\public\\index.php')
INFO - 2023-05-06 15:44:07 --> Session: Class initialized using 'CodeIgniter\Session\Handlers\FileHandler' driver.
WARNING - 2023-05-06 15:47:38 --> [DEPRECATED] Creation of dynamic property App\Controllers\Daftar::$ModelTa is deprecated in APPPATH\Controllers\Daftar.php on line 15.
 1 SYSTEMPATH\CodeIgniter.php(906): App\Controllers\Daftar->__construct()
 2 SYSTEMPATH\CodeIgniter.php(490): CodeIgniter\CodeIgniter->createController()
 3 SYSTEMPATH\CodeIgniter.php(368): CodeIgniter\CodeIgniter->handleRequest(null, Object(Config\Cache), false)
 4 FCPATH\index.php(67): CodeIgniter\CodeIgniter->run()
 5 SYSTEMPATH\Commands\Server\rewrite.php(47): require_once('C:\\xampp\\htdocs\\ppdb_online_ci4\\public\\index.php')
WARNING - 2023-05-06 15:47:38 --> [DEPRECATED] Creation of dynamic property App\Controllers\Daftar::$ModelPendaftaran is deprecated in APPPATH\Controllers\Daftar.php on line 16.
 1 SYSTEMPATH\CodeIgniter.php(906): App\Controllers\Daftar->__construct()
 2 SYSTEMPATH\CodeIgniter.php(490): CodeIgniter\CodeIgniter->createController()
 3 SYSTEMPATH\CodeIgniter.php(368): CodeIgniter\CodeIgniter->handleRequest(null, Object(Config\Cache), false)
 4 FCPATH\index.php(67): CodeIgniter\CodeIgniter->run()
 5 SYSTEMPATH\Commands\Server\rewrite.php(47): require_once('C:\\xampp\\htdocs\\ppdb_online_ci4\\public\\index.php')
INFO - 2023-05-06 15:47:38 --> Session: Class initialized using 'CodeIgniter\Session\Handlers\FileHandler' driver.
WARNING - 2023-05-06 15:48:34 --> [DEPRECATED] Creation of dynamic property App\Controllers\Daftar::$ModelTa is deprecated in APPPATH\Controllers\Daftar.php on line 15.
 1 SYSTEMPATH\CodeIgniter.php(906): App\Controllers\Daftar->__construct()
 2 SYSTEMPATH\CodeIgniter.php(490): CodeIgniter\CodeIgniter->createController()
 3 SYSTEMPATH\CodeIgniter.php(368): CodeIgniter\CodeIgniter->handleRequest(null, Object(Config\Cache), false)
 4 FCPATH\index.php(67): CodeIgniter\CodeIgniter->run()
 5 SYSTEMPATH\Commands\Server\rewrite.php(47): require_once('C:\\xampp\\htdocs\\ppdb_online_ci4\\public\\index.php')
WARNING - 2023-05-06 15:48:34 --> [DEPRECATED] Creation of dynamic property App\Controllers\Daftar::$ModelPendaftaran is deprecated in APPPATH\Controllers\Daftar.php on line 16.
 1 SYSTEMPATH\CodeIgniter.php(906): App\Controllers\Daftar->__construct()
 2 SYSTEMPATH\CodeIgniter.php(490): CodeIgniter\CodeIgniter->createController()
 3 SYSTEMPATH\CodeIgniter.php(368): CodeIgniter\CodeIgniter->handleRequest(null, Object(Config\Cache), false)
 4 FCPATH\index.php(67): CodeIgniter\CodeIgniter->run()
 5 SYSTEMPATH\Commands\Server\rewrite.php(47): require_once('C:\\xampp\\htdocs\\ppdb_online_ci4\\public\\index.php')
INFO - 2023-05-06 15:48:34 --> Session: Class initialized using 'CodeIgniter\Session\Handlers\FileHandler' driver.
WARNING - 2023-05-06 15:48:34 --> [DEPRECATED] Creation of dynamic property App\Controllers\Daftar::$ModelTa is deprecated in APPPATH\Controllers\Daftar.php on line 15.
 1 SYSTEMPATH\CodeIgniter.php(906): App\Controllers\Daftar->__construct()
 2 SYSTEMPATH\CodeIgniter.php(490): CodeIgniter\CodeIgniter->createController()
 3 SYSTEMPATH\CodeIgniter.php(368): CodeIgniter\CodeIgniter->handleRequest(null, Object(Config\Cache), false)
 4 FCPATH\index.php(67): CodeIgniter\CodeIgniter->run()
 5 SYSTEMPATH\Commands\Server\rewrite.php(47): require_once('C:\\xampp\\htdocs\\ppdb_online_ci4\\public\\index.php')
WARNING - 2023-05-06 15:48:34 --> [DEPRECATED] Creation of dynamic property App\Controllers\Daftar::$ModelPendaftaran is deprecated in APPPATH\Controllers\Daftar.php on line 16.
 1 SYSTEMPATH\CodeIgniter.php(906): App\Controllers\Daftar->__construct()
 2 SYSTEMPATH\CodeIgniter.php(490): CodeIgniter\CodeIgniter->createController()
 3 SYSTEMPATH\CodeIgniter.php(368): CodeIgniter\CodeIgniter->handleRequest(null, Object(Config\Cache), false)
 4 FCPATH\index.php(67): CodeIgniter\CodeIgniter->run()
 5 SYSTEMPATH\Commands\Server\rewrite.php(47): require_once('C:\\xampp\\htdocs\\ppdb_online_ci4\\public\\index.php')
INFO - 2023-05-06 15:48:34 --> Session: Class initialized using 'CodeIgniter\Session\Handlers\FileHandler' driver.
