ERROR - 2023-04-27 23:06:49 --> mysqli_sql_exception: Table 'ppdb_onlineci4.tb_setting' doesn't exist in engine in C:\xampp\htdocs\ppdb_online_ci4\system\Database\MySQLi\Connection.php:295
Stack trace:
#0 C:\xampp\htdocs\ppdb_online_ci4\system\Database\MySQLi\Connection.php(295): mysqli->query('SELECT *\nFROM `...', 0)
#1 C:\xampp\htdocs\ppdb_online_ci4\system\Database\BaseConnection.php(691): CodeIgniter\Database\MySQLi\Connection->execute('SELECT *\nFROM `...')
#2 C:\xampp\htdocs\ppdb_online_ci4\system\Database\BaseConnection.php(605): CodeIgniter\Database\BaseConnection->simpleQuery('SELECT *\nFROM `...')
#3 C:\xampp\htdocs\ppdb_online_ci4\system\Database\BaseBuilder.php(1616): CodeIgniter\Database\BaseConnection->query('SELECT *\nFROM `...', Array, false)
#4 C:\xampp\htdocs\ppdb_online_ci4\app\Views\layout\template-frontend.php(3): CodeIgniter\Database\BaseBuilder->get()
#5 C:\xampp\htdocs\ppdb_online_ci4\system\View\View.php(213): include('C:\\xampp\\htdocs...')
#6 C:\xampp\htdocs\ppdb_online_ci4\system\View\View.php(216): CodeIgniter\View\View->CodeIgniter\View\{closure}()
#7 C:\xampp\htdocs\ppdb_online_ci4\system\View\View.php(229): CodeIgniter\View\View->render('layout/template...', Array, true)
#8 C:\xampp\htdocs\ppdb_online_ci4\system\Common.php(1184): CodeIgniter\View\View->render('v_home', Array, true)
#9 C:\xampp\htdocs\ppdb_online_ci4\app\Controllers\Home.php(13): view('v_home', Array)
#10 C:\xampp\htdocs\ppdb_online_ci4\system\CodeIgniter.php(934): App\Controllers\Home->index()
#11 C:\xampp\htdocs\ppdb_online_ci4\system\CodeIgniter.php(499): CodeIgniter\CodeIgniter->runController(Object(App\Controllers\Home))
#12 C:\xampp\htdocs\ppdb_online_ci4\system\CodeIgniter.php(368): CodeIgniter\CodeIgniter->handleRequest(NULL, Object(Config\Cache), false)
#13 C:\xampp\htdocs\ppdb_online_ci4\public\index.php(67): CodeIgniter\CodeIgniter->run()
#14 C:\xampp\htdocs\ppdb_online_ci4\system\Commands\Server\rewrite.php(47): require_once('C:\\xampp\\htdocs...')
#15 {main}
CRITICAL - 2023-04-27 23:06:49 --> Table 'ppdb_onlineci4.tb_setting' doesn't exist in engine
in SYSTEMPATH\Database\MySQLi\Connection.php on line 295.
 1 SYSTEMPATH\Database\MySQLi\Connection.php(295): mysqli->query('SELECT *
FROM `tb_setting`
WHERE `id` = \'1\'', 0)
 2 SYSTEMPATH\Database\BaseConnection.php(691): CodeIgniter\Database\MySQLi\Connection->execute('SELECT *
FROM `tb_setting`
WHERE `id` = \'1\'')
 3 SYSTEMPATH\Database\BaseConnection.php(605): CodeIgniter\Database\BaseConnection->simpleQuery('SELECT *
FROM `tb_setting`
WHERE `id` = \'1\'')
 4 SYSTEMPATH\Database\BaseBuilder.php(1616): CodeIgniter\Database\BaseConnection->query('SELECT *
FROM `tb_setting`
WHERE `id` = :id:', [...], false)
 5 APPPATH\Views\layout\template-frontend.php(3): CodeIgniter\Database\BaseBuilder->get()
 6 SYSTEMPATH\View\View.php(213): include('C:\\xampp\\htdocs\\ppdb_online_ci4\\app\\Views\\layout\\template-frontend.php')
 7 SYSTEMPATH\View\View.php(216): CodeIgniter\View\View->CodeIgniter\View\{closure}()
 8 SYSTEMPATH\View\View.php(229): CodeIgniter\View\View->render('layout/template-frontend', [], true)
 9 SYSTEMPATH\Common.php(1184): CodeIgniter\View\View->render('v_home', [], true)
10 APPPATH\Controllers\Home.php(13): view('v_home', [...])
11 SYSTEMPATH\CodeIgniter.php(934): App\Controllers\Home->index()
12 SYSTEMPATH\CodeIgniter.php(499): CodeIgniter\CodeIgniter->runController(Object(App\Controllers\Home))
13 SYSTEMPATH\CodeIgniter.php(368): CodeIgniter\CodeIgniter->handleRequest(null, Object(Config\Cache), false)
14 FCPATH\index.php(67): CodeIgniter\CodeIgniter->run()
15 SYSTEMPATH\Commands\Server\rewrite.php(47): require_once('C:\\xampp\\htdocs\\ppdb_online_ci4\\public\\index.php')
ERROR - 2023-04-27 23:08:09 --> mysqli_sql_exception: Table 'ppdb_onlineci4.tb_setting' doesn't exist in engine in C:\xampp\htdocs\ppdb_online_ci4\system\Database\MySQLi\Connection.php:295
Stack trace:
#0 C:\xampp\htdocs\ppdb_online_ci4\system\Database\MySQLi\Connection.php(295): mysqli->query('SELECT *\nFROM `...', 0)
#1 C:\xampp\htdocs\ppdb_online_ci4\system\Database\BaseConnection.php(691): CodeIgniter\Database\MySQLi\Connection->execute('SELECT *\nFROM `...')
#2 C:\xampp\htdocs\ppdb_online_ci4\system\Database\BaseConnection.php(605): CodeIgniter\Database\BaseConnection->simpleQuery('SELECT *\nFROM `...')
#3 C:\xampp\htdocs\ppdb_online_ci4\system\Database\BaseBuilder.php(1616): CodeIgniter\Database\BaseConnection->query('SELECT *\nFROM `...', Array, false)
#4 C:\xampp\htdocs\ppdb_online_ci4\app\Views\layout\template-frontend.php(3): CodeIgniter\Database\BaseBuilder->get()
#5 C:\xampp\htdocs\ppdb_online_ci4\system\View\View.php(213): include('C:\\xampp\\htdocs...')
#6 C:\xampp\htdocs\ppdb_online_ci4\system\View\View.php(216): CodeIgniter\View\View->CodeIgniter\View\{closure}()
#7 C:\xampp\htdocs\ppdb_online_ci4\system\View\View.php(229): CodeIgniter\View\View->render('layout/template...', Array, true)
#8 C:\xampp\htdocs\ppdb_online_ci4\system\Common.php(1184): CodeIgniter\View\View->render('v_home', Array, true)
#9 C:\xampp\htdocs\ppdb_online_ci4\app\Controllers\Home.php(13): view('v_home', Array)
#10 C:\xampp\htdocs\ppdb_online_ci4\system\CodeIgniter.php(934): App\Controllers\Home->index()
#11 C:\xampp\htdocs\ppdb_online_ci4\system\CodeIgniter.php(499): CodeIgniter\CodeIgniter->runController(Object(App\Controllers\Home))
#12 C:\xampp\htdocs\ppdb_online_ci4\system\CodeIgniter.php(368): CodeIgniter\CodeIgniter->handleRequest(NULL, Object(Config\Cache), false)
#13 C:\xampp\htdocs\ppdb_online_ci4\public\index.php(67): CodeIgniter\CodeIgniter->run()
#14 C:\xampp\htdocs\ppdb_online_ci4\system\Commands\Server\rewrite.php(47): require_once('C:\\xampp\\htdocs...')
#15 {main}
CRITICAL - 2023-04-27 23:08:09 --> Table 'ppdb_onlineci4.tb_setting' doesn't exist in engine
in SYSTEMPATH\Database\MySQLi\Connection.php on line 295.
 1 SYSTEMPATH\Database\MySQLi\Connection.php(295): mysqli->query('SELECT *
FROM `tb_setting`
WHERE `id` = \'1\'', 0)
 2 SYSTEMPATH\Database\BaseConnection.php(691): CodeIgniter\Database\MySQLi\Connection->execute('SELECT *
FROM `tb_setting`
WHERE `id` = \'1\'')
 3 SYSTEMPATH\Database\BaseConnection.php(605): CodeIgniter\Database\BaseConnection->simpleQuery('SELECT *
FROM `tb_setting`
WHERE `id` = \'1\'')
 4 SYSTEMPATH\Database\BaseBuilder.php(1616): CodeIgniter\Database\BaseConnection->query('SELECT *
FROM `tb_setting`
WHERE `id` = :id:', [...], false)
 5 APPPATH\Views\layout\template-frontend.php(3): CodeIgniter\Database\BaseBuilder->get()
 6 SYSTEMPATH\View\View.php(213): include('C:\\xampp\\htdocs\\ppdb_online_ci4\\app\\Views\\layout\\template-frontend.php')
 7 SYSTEMPATH\View\View.php(216): CodeIgniter\View\View->CodeIgniter\View\{closure}()
 8 SYSTEMPATH\View\View.php(229): CodeIgniter\View\View->render('layout/template-frontend', [], true)
 9 SYSTEMPATH\Common.php(1184): CodeIgniter\View\View->render('v_home', [], true)
10 APPPATH\Controllers\Home.php(13): view('v_home', [...])
11 SYSTEMPATH\CodeIgniter.php(934): App\Controllers\Home->index()
12 SYSTEMPATH\CodeIgniter.php(499): CodeIgniter\CodeIgniter->runController(Object(App\Controllers\Home))
13 SYSTEMPATH\CodeIgniter.php(368): CodeIgniter\CodeIgniter->handleRequest(null, Object(Config\Cache), false)
14 FCPATH\index.php(67): CodeIgniter\CodeIgniter->run()
15 SYSTEMPATH\Commands\Server\rewrite.php(47): require_once('C:\\xampp\\htdocs\\ppdb_online_ci4\\public\\index.php')
ERROR - 2023-04-27 23:08:10 --> mysqli_sql_exception: Table 'ppdb_onlineci4.tb_setting' doesn't exist in engine in C:\xampp\htdocs\ppdb_online_ci4\system\Database\MySQLi\Connection.php:295
Stack trace:
#0 C:\xampp\htdocs\ppdb_online_ci4\system\Database\MySQLi\Connection.php(295): mysqli->query('SELECT *\nFROM `...', 0)
#1 C:\xampp\htdocs\ppdb_online_ci4\system\Database\BaseConnection.php(691): CodeIgniter\Database\MySQLi\Connection->execute('SELECT *\nFROM `...')
#2 C:\xampp\htdocs\ppdb_online_ci4\system\Database\BaseConnection.php(605): CodeIgniter\Database\BaseConnection->simpleQuery('SELECT *\nFROM `...')
#3 C:\xampp\htdocs\ppdb_online_ci4\system\Database\BaseBuilder.php(1616): CodeIgniter\Database\BaseConnection->query('SELECT *\nFROM `...', Array, false)
#4 C:\xampp\htdocs\ppdb_online_ci4\app\Views\layout\template-frontend.php(3): CodeIgniter\Database\BaseBuilder->get()
#5 C:\xampp\htdocs\ppdb_online_ci4\system\View\View.php(213): include('C:\\xampp\\htdocs...')
#6 C:\xampp\htdocs\ppdb_online_ci4\system\View\View.php(216): CodeIgniter\View\View->CodeIgniter\View\{closure}()
#7 C:\xampp\htdocs\ppdb_online_ci4\system\View\View.php(229): CodeIgniter\View\View->render('layout/template...', Array, true)
#8 C:\xampp\htdocs\ppdb_online_ci4\system\Common.php(1184): CodeIgniter\View\View->render('v_home', Array, true)
#9 C:\xampp\htdocs\ppdb_online_ci4\app\Controllers\Home.php(13): view('v_home', Array)
#10 C:\xampp\htdocs\ppdb_online_ci4\system\CodeIgniter.php(934): App\Controllers\Home->index()
#11 C:\xampp\htdocs\ppdb_online_ci4\system\CodeIgniter.php(499): CodeIgniter\CodeIgniter->runController(Object(App\Controllers\Home))
#12 C:\xampp\htdocs\ppdb_online_ci4\system\CodeIgniter.php(368): CodeIgniter\CodeIgniter->handleRequest(NULL, Object(Config\Cache), false)
#13 C:\xampp\htdocs\ppdb_online_ci4\public\index.php(67): CodeIgniter\CodeIgniter->run()
#14 C:\xampp\htdocs\ppdb_online_ci4\system\Commands\Server\rewrite.php(47): require_once('C:\\xampp\\htdocs...')
#15 {main}
CRITICAL - 2023-04-27 23:08:10 --> Table 'ppdb_onlineci4.tb_setting' doesn't exist in engine
in SYSTEMPATH\Database\MySQLi\Connection.php on line 295.
 1 SYSTEMPATH\Database\MySQLi\Connection.php(295): mysqli->query('SELECT *
FROM `tb_setting`
WHERE `id` = \'1\'', 0)
 2 SYSTEMPATH\Database\BaseConnection.php(691): CodeIgniter\Database\MySQLi\Connection->execute('SELECT *
FROM `tb_setting`
WHERE `id` = \'1\'')
 3 SYSTEMPATH\Database\BaseConnection.php(605): CodeIgniter\Database\BaseConnection->simpleQuery('SELECT *
FROM `tb_setting`
WHERE `id` = \'1\'')
 4 SYSTEMPATH\Database\BaseBuilder.php(1616): CodeIgniter\Database\BaseConnection->query('SELECT *
FROM `tb_setting`
WHERE `id` = :id:', [...], false)
 5 APPPATH\Views\layout\template-frontend.php(3): CodeIgniter\Database\BaseBuilder->get()
 6 SYSTEMPATH\View\View.php(213): include('C:\\xampp\\htdocs\\ppdb_online_ci4\\app\\Views\\layout\\template-frontend.php')
 7 SYSTEMPATH\View\View.php(216): CodeIgniter\View\View->CodeIgniter\View\{closure}()
 8 SYSTEMPATH\View\View.php(229): CodeIgniter\View\View->render('layout/template-frontend', [], true)
 9 SYSTEMPATH\Common.php(1184): CodeIgniter\View\View->render('v_home', [], true)
10 APPPATH\Controllers\Home.php(13): view('v_home', [...])
11 SYSTEMPATH\CodeIgniter.php(934): App\Controllers\Home->index()
12 SYSTEMPATH\CodeIgniter.php(499): CodeIgniter\CodeIgniter->runController(Object(App\Controllers\Home))
13 SYSTEMPATH\CodeIgniter.php(368): CodeIgniter\CodeIgniter->handleRequest(null, Object(Config\Cache), false)
14 FCPATH\index.php(67): CodeIgniter\CodeIgniter->run()
15 SYSTEMPATH\Commands\Server\rewrite.php(47): require_once('C:\\xampp\\htdocs\\ppdb_online_ci4\\public\\index.php')
WARNING - 2023-04-27 23:28:39 --> [DEPRECATED] Creation of dynamic property App\Controllers\Pendaftaran::$ModelTa is deprecated in APPPATH\Controllers\Pendaftaran.php on line 12.
 1 SYSTEMPATH\CodeIgniter.php(906): App\Controllers\Pendaftaran->__construct()
 2 SYSTEMPATH\CodeIgniter.php(490): CodeIgniter\CodeIgniter->createController()
 3 SYSTEMPATH\CodeIgniter.php(368): CodeIgniter\CodeIgniter->handleRequest(null, Object(Config\Cache), false)
 4 FCPATH\index.php(67): CodeIgniter\CodeIgniter->run()
 5 SYSTEMPATH\Commands\Server\rewrite.php(47): require_once('C:\\xampp\\htdocs\\ppdb_online_ci4\\public\\index.php')
WARNING - 2023-04-27 23:28:43 --> [DEPRECATED] Creation of dynamic property App\Controllers\Pendaftaran::$ModelTa is deprecated in APPPATH\Controllers\Pendaftaran.php on line 12.
 1 SYSTEMPATH\CodeIgniter.php(906): App\Controllers\Pendaftaran->__construct()
 2 SYSTEMPATH\CodeIgniter.php(490): CodeIgniter\CodeIgniter->createController()
 3 SYSTEMPATH\CodeIgniter.php(368): CodeIgniter\CodeIgniter->handleRequest(null, Object(Config\Cache), false)
 4 FCPATH\index.php(67): CodeIgniter\CodeIgniter->run()
 5 SYSTEMPATH\Commands\Server\rewrite.php(47): require_once('C:\\xampp\\htdocs\\ppdb_online_ci4\\public\\index.php')
WARNING - 2023-04-27 23:29:07 --> [DEPRECATED] Creation of dynamic property App\Controllers\Auth::$ModelAuth is deprecated in APPPATH\Controllers\Auth.php on line 13.
 1 SYSTEMPATH\CodeIgniter.php(906): App\Controllers\Auth->__construct()
 2 SYSTEMPATH\CodeIgniter.php(490): CodeIgniter\CodeIgniter->createController()
 3 SYSTEMPATH\CodeIgniter.php(368): CodeIgniter\CodeIgniter->handleRequest(null, Object(Config\Cache), false)
 4 FCPATH\index.php(67): CodeIgniter\CodeIgniter->run()
 5 SYSTEMPATH\Commands\Server\rewrite.php(47): require_once('C:\\xampp\\htdocs\\ppdb_online_ci4\\public\\index.php')
INFO - 2023-04-27 23:29:07 --> Session: Class initialized using 'CodeIgniter\Session\Handlers\FileHandler' driver.
WARNING - 2023-04-27 23:29:14 --> [DEPRECATED] Creation of dynamic property App\Controllers\Auth::$ModelAuth is deprecated in APPPATH\Controllers\Auth.php on line 13.
 1 SYSTEMPATH\CodeIgniter.php(906): App\Controllers\Auth->__construct()
 2 SYSTEMPATH\CodeIgniter.php(490): CodeIgniter\CodeIgniter->createController()
 3 SYSTEMPATH\CodeIgniter.php(368): CodeIgniter\CodeIgniter->handleRequest(null, Object(Config\Cache), false)
 4 FCPATH\index.php(67): CodeIgniter\CodeIgniter->run()
 5 SYSTEMPATH\Commands\Server\rewrite.php(47): require_once('C:\\xampp\\htdocs\\ppdb_online_ci4\\public\\index.php')
INFO - 2023-04-27 23:29:14 --> Session: Class initialized using 'CodeIgniter\Session\Handlers\FileHandler' driver.
WARNING - 2023-04-27 23:29:56 --> [DEPRECATED] Creation of dynamic property App\Controllers\Auth::$ModelAuth is deprecated in APPPATH\Controllers\Auth.php on line 13.
 1 SYSTEMPATH\CodeIgniter.php(906): App\Controllers\Auth->__construct()
 2 SYSTEMPATH\CodeIgniter.php(490): CodeIgniter\CodeIgniter->createController()
 3 SYSTEMPATH\CodeIgniter.php(368): CodeIgniter\CodeIgniter->handleRequest(null, Object(Config\Cache), false)
 4 FCPATH\index.php(67): CodeIgniter\CodeIgniter->run()
 5 SYSTEMPATH\Commands\Server\rewrite.php(47): require_once('C:\\xampp\\htdocs\\ppdb_online_ci4\\public\\index.php')
INFO - 2023-04-27 23:29:56 --> Session: Class initialized using 'CodeIgniter\Session\Handlers\FileHandler' driver.
INFO - 2023-04-27 23:29:56 --> Session: Class initialized using 'CodeIgniter\Session\Handlers\FileHandler' driver.
WARNING - 2023-04-27 23:29:56 --> [DEPRECATED] Creation of dynamic property App\Controllers\Admin::$ModelAdmin is deprecated in APPPATH\Controllers\Admin.php on line 12.
 1 SYSTEMPATH\CodeIgniter.php(906): App\Controllers\Admin->__construct()
 2 SYSTEMPATH\CodeIgniter.php(490): CodeIgniter\CodeIgniter->createController()
 3 SYSTEMPATH\CodeIgniter.php(368): CodeIgniter\CodeIgniter->handleRequest(null, Object(Config\Cache), false)
 4 FCPATH\index.php(67): CodeIgniter\CodeIgniter->run()
 5 SYSTEMPATH\Commands\Server\rewrite.php(47): require_once('C:\\xampp\\htdocs\\ppdb_online_ci4\\public\\index.php')
INFO - 2023-04-27 23:30:04 --> Session: Class initialized using 'CodeIgniter\Session\Handlers\FileHandler' driver.
WARNING - 2023-04-27 23:30:04 --> [DEPRECATED] Creation of dynamic property App\Controllers\Admin::$ModelAdmin is deprecated in APPPATH\Controllers\Admin.php on line 12.
 1 SYSTEMPATH\CodeIgniter.php(906): App\Controllers\Admin->__construct()
 2 SYSTEMPATH\CodeIgniter.php(490): CodeIgniter\CodeIgniter->createController()
 3 SYSTEMPATH\CodeIgniter.php(368): CodeIgniter\CodeIgniter->handleRequest(null, Object(Config\Cache), false)
 4 FCPATH\index.php(67): CodeIgniter\CodeIgniter->run()
 5 SYSTEMPATH\Commands\Server\rewrite.php(47): require_once('C:\\xampp\\htdocs\\ppdb_online_ci4\\public\\index.php')
INFO - 2023-04-27 23:30:04 --> Session: Class initialized using 'CodeIgniter\Session\Handlers\FileHandler' driver.
WARNING - 2023-04-27 23:30:04 --> [DEPRECATED] Creation of dynamic property App\Controllers\Agama::$ModelAgama is deprecated in APPPATH\Controllers\Agama.php on line 13.
 1 SYSTEMPATH\CodeIgniter.php(906): App\Controllers\Agama->__construct()
 2 SYSTEMPATH\CodeIgniter.php(490): CodeIgniter\CodeIgniter->createController()
 3 SYSTEMPATH\CodeIgniter.php(368): CodeIgniter\CodeIgniter->handleRequest(null, Object(Config\Cache), false)
 4 FCPATH\index.php(67): CodeIgniter\CodeIgniter->run()
 5 SYSTEMPATH\Commands\Server\rewrite.php(47): require_once('C:\\xampp\\htdocs\\ppdb_online_ci4\\public\\index.php')
INFO - 2023-04-27 23:30:06 --> Session: Class initialized using 'CodeIgniter\Session\Handlers\FileHandler' driver.
WARNING - 2023-04-27 23:30:06 --> [DEPRECATED] Creation of dynamic property App\Controllers\Ta::$ModelTa is deprecated in APPPATH\Controllers\Ta.php on line 12.
 1 SYSTEMPATH\CodeIgniter.php(906): App\Controllers\Ta->__construct()
 2 SYSTEMPATH\CodeIgniter.php(490): CodeIgniter\CodeIgniter->createController()
 3 SYSTEMPATH\CodeIgniter.php(368): CodeIgniter\CodeIgniter->handleRequest(null, Object(Config\Cache), false)
 4 FCPATH\index.php(67): CodeIgniter\CodeIgniter->run()
 5 SYSTEMPATH\Commands\Server\rewrite.php(47): require_once('C:\\xampp\\htdocs\\ppdb_online_ci4\\public\\index.php')
INFO - 2023-04-27 23:30:07 --> Session: Class initialized using 'CodeIgniter\Session\Handlers\FileHandler' driver.
WARNING - 2023-04-27 23:30:07 --> [DEPRECATED] Creation of dynamic property App\Controllers\Jurusan::$ModelJurusan is deprecated in APPPATH\Controllers\Jurusan.php on line 13.
 1 SYSTEMPATH\CodeIgniter.php(906): App\Controllers\Jurusan->__construct()
 2 SYSTEMPATH\CodeIgniter.php(490): CodeIgniter\CodeIgniter->createController()
 3 SYSTEMPATH\CodeIgniter.php(368): CodeIgniter\CodeIgniter->handleRequest(null, Object(Config\Cache), false)
 4 FCPATH\index.php(67): CodeIgniter\CodeIgniter->run()
 5 SYSTEMPATH\Commands\Server\rewrite.php(47): require_once('C:\\xampp\\htdocs\\ppdb_online_ci4\\public\\index.php')
INFO - 2023-04-27 23:30:08 --> Session: Class initialized using 'CodeIgniter\Session\Handlers\FileHandler' driver.
WARNING - 2023-04-27 23:30:08 --> [DEPRECATED] Creation of dynamic property App\Controllers\Pendidikan::$ModelPendidikan is deprecated in APPPATH\Controllers\Pendidikan.php on line 13.
 1 SYSTEMPATH\CodeIgniter.php(906): App\Controllers\Pendidikan->__construct()
 2 SYSTEMPATH\CodeIgniter.php(490): CodeIgniter\CodeIgniter->createController()
 3 SYSTEMPATH\CodeIgniter.php(368): CodeIgniter\CodeIgniter->handleRequest(null, Object(Config\Cache), false)
 4 FCPATH\index.php(67): CodeIgniter\CodeIgniter->run()
 5 SYSTEMPATH\Commands\Server\rewrite.php(47): require_once('C:\\xampp\\htdocs\\ppdb_online_ci4\\public\\index.php')
INFO - 2023-04-27 23:30:12 --> Session: Class initialized using 'CodeIgniter\Session\Handlers\FileHandler' driver.
WARNING - 2023-04-27 23:30:12 --> [DEPRECATED] Creation of dynamic property App\Controllers\Jurusan::$ModelJurusan is deprecated in APPPATH\Controllers\Jurusan.php on line 13.
 1 SYSTEMPATH\CodeIgniter.php(906): App\Controllers\Jurusan->__construct()
 2 SYSTEMPATH\CodeIgniter.php(490): CodeIgniter\CodeIgniter->createController()
 3 SYSTEMPATH\CodeIgniter.php(368): CodeIgniter\CodeIgniter->handleRequest(null, Object(Config\Cache), false)
 4 FCPATH\index.php(67): CodeIgniter\CodeIgniter->run()
 5 SYSTEMPATH\Commands\Server\rewrite.php(47): require_once('C:\\xampp\\htdocs\\ppdb_online_ci4\\public\\index.php')
INFO - 2023-04-27 23:30:13 --> Session: Class initialized using 'CodeIgniter\Session\Handlers\FileHandler' driver.
WARNING - 2023-04-27 23:30:13 --> [DEPRECATED] Creation of dynamic property App\Controllers\Pendidikan::$ModelPendidikan is deprecated in APPPATH\Controllers\Pendidikan.php on line 13.
 1 SYSTEMPATH\CodeIgniter.php(906): App\Controllers\Pendidikan->__construct()
 2 SYSTEMPATH\CodeIgniter.php(490): CodeIgniter\CodeIgniter->createController()
 3 SYSTEMPATH\CodeIgniter.php(368): CodeIgniter\CodeIgniter->handleRequest(null, Object(Config\Cache), false)
 4 FCPATH\index.php(67): CodeIgniter\CodeIgniter->run()
 5 SYSTEMPATH\Commands\Server\rewrite.php(47): require_once('C:\\xampp\\htdocs\\ppdb_online_ci4\\public\\index.php')
INFO - 2023-04-27 23:30:14 --> Session: Class initialized using 'CodeIgniter\Session\Handlers\FileHandler' driver.
WARNING - 2023-04-27 23:30:14 --> [DEPRECATED] Creation of dynamic property App\Controllers\Pekerjaan::$ModelPekerjaan is deprecated in APPPATH\Controllers\Pekerjaan.php on line 13.
 1 SYSTEMPATH\CodeIgniter.php(906): App\Controllers\Pekerjaan->__construct()
 2 SYSTEMPATH\CodeIgniter.php(490): CodeIgniter\CodeIgniter->createController()
 3 SYSTEMPATH\CodeIgniter.php(368): CodeIgniter\CodeIgniter->handleRequest(null, Object(Config\Cache), false)
 4 FCPATH\index.php(67): CodeIgniter\CodeIgniter->run()
 5 SYSTEMPATH\Commands\Server\rewrite.php(47): require_once('C:\\xampp\\htdocs\\ppdb_online_ci4\\public\\index.php')
INFO - 2023-04-27 23:30:17 --> Session: Class initialized using 'CodeIgniter\Session\Handlers\FileHandler' driver.
WARNING - 2023-04-27 23:30:17 --> [DEPRECATED] Creation of dynamic property App\Controllers\Penghasilan::$ModelPenghasilan is deprecated in APPPATH\Controllers\Penghasilan.php on line 13.
 1 SYSTEMPATH\CodeIgniter.php(906): App\Controllers\Penghasilan->__construct()
 2 SYSTEMPATH\CodeIgniter.php(490): CodeIgniter\CodeIgniter->createController()
 3 SYSTEMPATH\CodeIgniter.php(368): CodeIgniter\CodeIgniter->handleRequest(null, Object(Config\Cache), false)
 4 FCPATH\index.php(67): CodeIgniter\CodeIgniter->run()
 5 SYSTEMPATH\Commands\Server\rewrite.php(47): require_once('C:\\xampp\\htdocs\\ppdb_online_ci4\\public\\index.php')
INFO - 2023-04-27 23:30:19 --> Session: Class initialized using 'CodeIgniter\Session\Handlers\FileHandler' driver.
WARNING - 2023-04-27 23:30:19 --> [DEPRECATED] Creation of dynamic property App\Controllers\User::$ModelUser is deprecated in APPPATH\Controllers\User.php on line 13.
 1 SYSTEMPATH\CodeIgniter.php(906): App\Controllers\User->__construct()
 2 SYSTEMPATH\CodeIgniter.php(490): CodeIgniter\CodeIgniter->createController()
 3 SYSTEMPATH\CodeIgniter.php(368): CodeIgniter\CodeIgniter->handleRequest(null, Object(Config\Cache), false)
 4 FCPATH\index.php(67): CodeIgniter\CodeIgniter->run()
 5 SYSTEMPATH\Commands\Server\rewrite.php(47): require_once('C:\\xampp\\htdocs\\ppdb_online_ci4\\public\\index.php')
INFO - 2023-04-27 23:30:23 --> Session: Class initialized using 'CodeIgniter\Session\Handlers\FileHandler' driver.
WARNING - 2023-04-27 23:30:23 --> [DEPRECATED] Creation of dynamic property App\Controllers\Admin::$ModelAdmin is deprecated in APPPATH\Controllers\Admin.php on line 12.
 1 SYSTEMPATH\CodeIgniter.php(906): App\Controllers\Admin->__construct()
 2 SYSTEMPATH\CodeIgniter.php(490): CodeIgniter\CodeIgniter->createController()
 3 SYSTEMPATH\CodeIgniter.php(368): CodeIgniter\CodeIgniter->handleRequest(null, Object(Config\Cache), false)
 4 FCPATH\index.php(67): CodeIgniter\CodeIgniter->run()
 5 SYSTEMPATH\Commands\Server\rewrite.php(47): require_once('C:\\xampp\\htdocs\\ppdb_online_ci4\\public\\index.php')
INFO - 2023-04-27 23:34:04 --> Session: Class initialized using 'CodeIgniter\Session\Handlers\FileHandler' driver.
WARNING - 2023-04-27 23:34:04 --> [DEPRECATED] Creation of dynamic property App\Controllers\Ta::$ModelTa is deprecated in APPPATH\Controllers\Ta.php on line 12.
 1 SYSTEMPATH\CodeIgniter.php(906): App\Controllers\Ta->__construct()
 2 SYSTEMPATH\CodeIgniter.php(490): CodeIgniter\CodeIgniter->createController()
 3 SYSTEMPATH\CodeIgniter.php(368): CodeIgniter\CodeIgniter->handleRequest(null, Object(Config\Cache), false)
 4 FCPATH\index.php(67): CodeIgniter\CodeIgniter->run()
 5 SYSTEMPATH\Commands\Server\rewrite.php(47): require_once('C:\\xampp\\htdocs\\ppdb_online_ci4\\public\\index.php')
INFO - 2023-04-27 23:49:25 --> Session: Class initialized using 'CodeIgniter\Session\Handlers\FileHandler' driver.
WARNING - 2023-04-27 23:49:25 --> [DEPRECATED] Creation of dynamic property App\Controllers\Agama::$ModelAgama is deprecated in APPPATH\Controllers\Agama.php on line 13.
 1 SYSTEMPATH\CodeIgniter.php(906): App\Controllers\Agama->__construct()
 2 SYSTEMPATH\CodeIgniter.php(490): CodeIgniter\CodeIgniter->createController()
 3 SYSTEMPATH\CodeIgniter.php(368): CodeIgniter\CodeIgniter->handleRequest(null, Object(Config\Cache), false)
 4 FCPATH\index.php(67): CodeIgniter\CodeIgniter->run()
 5 SYSTEMPATH\Commands\Server\rewrite.php(47): require_once('C:\\xampp\\htdocs\\ppdb_online_ci4\\public\\index.php')
INFO - 2023-04-27 23:49:27 --> Session: Class initialized using 'CodeIgniter\Session\Handlers\FileHandler' driver.
WARNING - 2023-04-27 23:49:27 --> [DEPRECATED] Creation of dynamic property App\Controllers\Jurusan::$ModelJurusan is deprecated in APPPATH\Controllers\Jurusan.php on line 13.
 1 SYSTEMPATH\CodeIgniter.php(906): App\Controllers\Jurusan->__construct()
 2 SYSTEMPATH\CodeIgniter.php(490): CodeIgniter\CodeIgniter->createController()
 3 SYSTEMPATH\CodeIgniter.php(368): CodeIgniter\CodeIgniter->handleRequest(null, Object(Config\Cache), false)
 4 FCPATH\index.php(67): CodeIgniter\CodeIgniter->run()
 5 SYSTEMPATH\Commands\Server\rewrite.php(47): require_once('C:\\xampp\\htdocs\\ppdb_online_ci4\\public\\index.php')
INFO - 2023-04-27 23:49:28 --> Session: Class initialized using 'CodeIgniter\Session\Handlers\FileHandler' driver.
WARNING - 2023-04-27 23:49:28 --> [DEPRECATED] Creation of dynamic property App\Controllers\Ta::$ModelTa is deprecated in APPPATH\Controllers\Ta.php on line 12.
 1 SYSTEMPATH\CodeIgniter.php(906): App\Controllers\Ta->__construct()
 2 SYSTEMPATH\CodeIgniter.php(490): CodeIgniter\CodeIgniter->createController()
 3 SYSTEMPATH\CodeIgniter.php(368): CodeIgniter\CodeIgniter->handleRequest(null, Object(Config\Cache), false)
 4 FCPATH\index.php(67): CodeIgniter\CodeIgniter->run()
 5 SYSTEMPATH\Commands\Server\rewrite.php(47): require_once('C:\\xampp\\htdocs\\ppdb_online_ci4\\public\\index.php')
INFO - 2023-04-27 23:49:30 --> Session: Class initialized using 'CodeIgniter\Session\Handlers\FileHandler' driver.
WARNING - 2023-04-27 23:49:30 --> [DEPRECATED] Creation of dynamic property App\Controllers\Penghasilan::$ModelPenghasilan is deprecated in APPPATH\Controllers\Penghasilan.php on line 13.
 1 SYSTEMPATH\CodeIgniter.php(906): App\Controllers\Penghasilan->__construct()
 2 SYSTEMPATH\CodeIgniter.php(490): CodeIgniter\CodeIgniter->createController()
 3 SYSTEMPATH\CodeIgniter.php(368): CodeIgniter\CodeIgniter->handleRequest(null, Object(Config\Cache), false)
 4 FCPATH\index.php(67): CodeIgniter\CodeIgniter->run()
 5 SYSTEMPATH\Commands\Server\rewrite.php(47): require_once('C:\\xampp\\htdocs\\ppdb_online_ci4\\public\\index.php')
INFO - 2023-04-27 23:49:31 --> Session: Class initialized using 'CodeIgniter\Session\Handlers\FileHandler' driver.
WARNING - 2023-04-27 23:49:31 --> [DEPRECATED] Creation of dynamic property App\Controllers\User::$ModelUser is deprecated in APPPATH\Controllers\User.php on line 13.
 1 SYSTEMPATH\CodeIgniter.php(906): App\Controllers\User->__construct()
 2 SYSTEMPATH\CodeIgniter.php(490): CodeIgniter\CodeIgniter->createController()
 3 SYSTEMPATH\CodeIgniter.php(368): CodeIgniter\CodeIgniter->handleRequest(null, Object(Config\Cache), false)
 4 FCPATH\index.php(67): CodeIgniter\CodeIgniter->run()
 5 SYSTEMPATH\Commands\Server\rewrite.php(47): require_once('C:\\xampp\\htdocs\\ppdb_online_ci4\\public\\index.php')
WARNING - 2023-04-27 23:49:36 --> [DEPRECATED] Creation of dynamic property App\Controllers\Auth::$ModelAuth is deprecated in APPPATH\Controllers\Auth.php on line 13.
 1 SYSTEMPATH\CodeIgniter.php(906): App\Controllers\Auth->__construct()
 2 SYSTEMPATH\CodeIgniter.php(490): CodeIgniter\CodeIgniter->createController()
 3 SYSTEMPATH\CodeIgniter.php(368): CodeIgniter\CodeIgniter->handleRequest(null, Object(Config\Cache), false)
 4 FCPATH\index.php(67): CodeIgniter\CodeIgniter->run()
 5 SYSTEMPATH\Commands\Server\rewrite.php(47): require_once('C:\\xampp\\htdocs\\ppdb_online_ci4\\public\\index.php')
INFO - 2023-04-27 23:49:36 --> Session: Class initialized using 'CodeIgniter\Session\Handlers\FileHandler' driver.
WARNING - 2023-04-27 23:49:36 --> [DEPRECATED] Creation of dynamic property App\Controllers\Auth::$ModelAuth is deprecated in APPPATH\Controllers\Auth.php on line 13.
 1 SYSTEMPATH\CodeIgniter.php(906): App\Controllers\Auth->__construct()
 2 SYSTEMPATH\CodeIgniter.php(490): CodeIgniter\CodeIgniter->createController()
 3 SYSTEMPATH\CodeIgniter.php(368): CodeIgniter\CodeIgniter->handleRequest(null, Object(Config\Cache), false)
 4 FCPATH\index.php(67): CodeIgniter\CodeIgniter->run()
 5 SYSTEMPATH\Commands\Server\rewrite.php(47): require_once('C:\\xampp\\htdocs\\ppdb_online_ci4\\public\\index.php')
INFO - 2023-04-27 23:49:36 --> Session: Class initialized using 'CodeIgniter\Session\Handlers\FileHandler' driver.
WARNING - 2023-04-27 23:50:26 --> [DEPRECATED] Creation of dynamic property App\Controllers\Auth::$ModelAuth is deprecated in APPPATH\Controllers\Auth.php on line 13.
 1 SYSTEMPATH\CodeIgniter.php(906): App\Controllers\Auth->__construct()
 2 SYSTEMPATH\CodeIgniter.php(490): CodeIgniter\CodeIgniter->createController()
 3 SYSTEMPATH\CodeIgniter.php(368): CodeIgniter\CodeIgniter->handleRequest(null, Object(Config\Cache), false)
 4 FCPATH\index.php(67): CodeIgniter\CodeIgniter->run()
 5 SYSTEMPATH\Commands\Server\rewrite.php(47): require_once('C:\\xampp\\htdocs\\ppdb_online_ci4\\public\\index.php')
INFO - 2023-04-27 23:50:26 --> Session: Class initialized using 'CodeIgniter\Session\Handlers\FileHandler' driver.
WARNING - 2023-04-27 23:50:43 --> [DEPRECATED] Creation of dynamic property App\Controllers\Auth::$ModelAuth is deprecated in APPPATH\Controllers\Auth.php on line 13.
 1 SYSTEMPATH\CodeIgniter.php(906): App\Controllers\Auth->__construct()
 2 SYSTEMPATH\CodeIgniter.php(490): CodeIgniter\CodeIgniter->createController()
 3 SYSTEMPATH\CodeIgniter.php(368): CodeIgniter\CodeIgniter->handleRequest(null, Object(Config\Cache), false)
 4 FCPATH\index.php(67): CodeIgniter\CodeIgniter->run()
 5 SYSTEMPATH\Commands\Server\rewrite.php(47): require_once('C:\\xampp\\htdocs\\ppdb_online_ci4\\public\\index.php')
INFO - 2023-04-27 23:50:43 --> Session: Class initialized using 'CodeIgniter\Session\Handlers\FileHandler' driver.
INFO - 2023-04-27 23:50:43 --> Session: Class initialized using 'CodeIgniter\Session\Handlers\FileHandler' driver.
WARNING - 2023-04-27 23:50:43 --> [DEPRECATED] Creation of dynamic property App\Controllers\Admin::$ModelAdmin is deprecated in APPPATH\Controllers\Admin.php on line 12.
 1 SYSTEMPATH\CodeIgniter.php(906): App\Controllers\Admin->__construct()
 2 SYSTEMPATH\CodeIgniter.php(490): CodeIgniter\CodeIgniter->createController()
 3 SYSTEMPATH\CodeIgniter.php(368): CodeIgniter\CodeIgniter->handleRequest(null, Object(Config\Cache), false)
 4 FCPATH\index.php(67): CodeIgniter\CodeIgniter->run()
 5 SYSTEMPATH\Commands\Server\rewrite.php(47): require_once('C:\\xampp\\htdocs\\ppdb_online_ci4\\public\\index.php')
INFO - 2023-04-27 23:50:47 --> Session: Class initialized using 'CodeIgniter\Session\Handlers\FileHandler' driver.
WARNING - 2023-04-27 23:50:47 --> [DEPRECATED] Creation of dynamic property App\Controllers\Jurusan::$ModelJurusan is deprecated in APPPATH\Controllers\Jurusan.php on line 13.
 1 SYSTEMPATH\CodeIgniter.php(906): App\Controllers\Jurusan->__construct()
 2 SYSTEMPATH\CodeIgniter.php(490): CodeIgniter\CodeIgniter->createController()
 3 SYSTEMPATH\CodeIgniter.php(368): CodeIgniter\CodeIgniter->handleRequest(null, Object(Config\Cache), false)
 4 FCPATH\index.php(67): CodeIgniter\CodeIgniter->run()
 5 SYSTEMPATH\Commands\Server\rewrite.php(47): require_once('C:\\xampp\\htdocs\\ppdb_online_ci4\\public\\index.php')
INFO - 2023-04-27 23:50:51 --> Session: Class initialized using 'CodeIgniter\Session\Handlers\FileHandler' driver.
WARNING - 2023-04-27 23:50:51 --> [DEPRECATED] Creation of dynamic property App\Controllers\Penghasilan::$ModelPenghasilan is deprecated in APPPATH\Controllers\Penghasilan.php on line 13.
 1 SYSTEMPATH\CodeIgniter.php(906): App\Controllers\Penghasilan->__construct()
 2 SYSTEMPATH\CodeIgniter.php(490): CodeIgniter\CodeIgniter->createController()
 3 SYSTEMPATH\CodeIgniter.php(368): CodeIgniter\CodeIgniter->handleRequest(null, Object(Config\Cache), false)
 4 FCPATH\index.php(67): CodeIgniter\CodeIgniter->run()
 5 SYSTEMPATH\Commands\Server\rewrite.php(47): require_once('C:\\xampp\\htdocs\\ppdb_online_ci4\\public\\index.php')
INFO - 2023-04-27 23:50:52 --> Session: Class initialized using 'CodeIgniter\Session\Handlers\FileHandler' driver.
WARNING - 2023-04-27 23:50:52 --> [DEPRECATED] Creation of dynamic property App\Controllers\Pekerjaan::$ModelPekerjaan is deprecated in APPPATH\Controllers\Pekerjaan.php on line 13.
 1 SYSTEMPATH\CodeIgniter.php(906): App\Controllers\Pekerjaan->__construct()
 2 SYSTEMPATH\CodeIgniter.php(490): CodeIgniter\CodeIgniter->createController()
 3 SYSTEMPATH\CodeIgniter.php(368): CodeIgniter\CodeIgniter->handleRequest(null, Object(Config\Cache), false)
 4 FCPATH\index.php(67): CodeIgniter\CodeIgniter->run()
 5 SYSTEMPATH\Commands\Server\rewrite.php(47): require_once('C:\\xampp\\htdocs\\ppdb_online_ci4\\public\\index.php')
INFO - 2023-04-27 23:50:53 --> Session: Class initialized using 'CodeIgniter\Session\Handlers\FileHandler' driver.
WARNING - 2023-04-27 23:50:53 --> [DEPRECATED] Creation of dynamic property App\Controllers\Jurusan::$ModelJurusan is deprecated in APPPATH\Controllers\Jurusan.php on line 13.
 1 SYSTEMPATH\CodeIgniter.php(906): App\Controllers\Jurusan->__construct()
 2 SYSTEMPATH\CodeIgniter.php(490): CodeIgniter\CodeIgniter->createController()
 3 SYSTEMPATH\CodeIgniter.php(368): CodeIgniter\CodeIgniter->handleRequest(null, Object(Config\Cache), false)
 4 FCPATH\index.php(67): CodeIgniter\CodeIgniter->run()
 5 SYSTEMPATH\Commands\Server\rewrite.php(47): require_once('C:\\xampp\\htdocs\\ppdb_online_ci4\\public\\index.php')
INFO - 2023-04-27 23:50:53 --> Session: Class initialized using 'CodeIgniter\Session\Handlers\FileHandler' driver.
WARNING - 2023-04-27 23:50:53 --> [DEPRECATED] Creation of dynamic property App\Controllers\User::$ModelUser is deprecated in APPPATH\Controllers\User.php on line 13.
 1 SYSTEMPATH\CodeIgniter.php(906): App\Controllers\User->__construct()
 2 SYSTEMPATH\CodeIgniter.php(490): CodeIgniter\CodeIgniter->createController()
 3 SYSTEMPATH\CodeIgniter.php(368): CodeIgniter\CodeIgniter->handleRequest(null, Object(Config\Cache), false)
 4 FCPATH\index.php(67): CodeIgniter\CodeIgniter->run()
 5 SYSTEMPATH\Commands\Server\rewrite.php(47): require_once('C:\\xampp\\htdocs\\ppdb_online_ci4\\public\\index.php')
INFO - 2023-04-27 23:50:56 --> Session: Class initialized using 'CodeIgniter\Session\Handlers\FileHandler' driver.
WARNING - 2023-04-27 23:50:56 --> [DEPRECATED] Creation of dynamic property App\Controllers\Agama::$ModelAgama is deprecated in APPPATH\Controllers\Agama.php on line 13.
 1 SYSTEMPATH\CodeIgniter.php(906): App\Controllers\Agama->__construct()
 2 SYSTEMPATH\CodeIgniter.php(490): CodeIgniter\CodeIgniter->createController()
 3 SYSTEMPATH\CodeIgniter.php(368): CodeIgniter\CodeIgniter->handleRequest(null, Object(Config\Cache), false)
 4 FCPATH\index.php(67): CodeIgniter\CodeIgniter->run()
 5 SYSTEMPATH\Commands\Server\rewrite.php(47): require_once('C:\\xampp\\htdocs\\ppdb_online_ci4\\public\\index.php')
INFO - 2023-04-27 23:51:14 --> Session: Class initialized using 'CodeIgniter\Session\Handlers\FileHandler' driver.
WARNING - 2023-04-27 23:51:14 --> [DEPRECATED] Creation of dynamic property App\Controllers\Admin::$ModelAdmin is deprecated in APPPATH\Controllers\Admin.php on line 12.
 1 SYSTEMPATH\CodeIgniter.php(906): App\Controllers\Admin->__construct()
 2 SYSTEMPATH\CodeIgniter.php(490): CodeIgniter\CodeIgniter->createController()
 3 SYSTEMPATH\CodeIgniter.php(368): CodeIgniter\CodeIgniter->handleRequest(null, Object(Config\Cache), false)
 4 FCPATH\index.php(67): CodeIgniter\CodeIgniter->run()
 5 SYSTEMPATH\Commands\Server\rewrite.php(47): require_once('C:\\xampp\\htdocs\\ppdb_online_ci4\\public\\index.php')
INFO - 2023-04-27 23:51:17 --> Session: Class initialized using 'CodeIgniter\Session\Handlers\FileHandler' driver.
WARNING - 2023-04-27 23:51:17 --> [DEPRECATED] Creation of dynamic property App\Controllers\Admin::$ModelAdmin is deprecated in APPPATH\Controllers\Admin.php on line 12.
 1 SYSTEMPATH\CodeIgniter.php(906): App\Controllers\Admin->__construct()
 2 SYSTEMPATH\CodeIgniter.php(490): CodeIgniter\CodeIgniter->createController()
 3 SYSTEMPATH\CodeIgniter.php(368): CodeIgniter\CodeIgniter->handleRequest(null, Object(Config\Cache), false)
 4 FCPATH\index.php(67): CodeIgniter\CodeIgniter->run()
 5 SYSTEMPATH\Commands\Server\rewrite.php(47): require_once('C:\\xampp\\htdocs\\ppdb_online_ci4\\public\\index.php')
INFO - 2023-04-27 23:54:33 --> Session: Class initialized using 'CodeIgniter\Session\Handlers\FileHandler' driver.
WARNING - 2023-04-27 23:54:33 --> [DEPRECATED] Creation of dynamic property App\Controllers\Admin::$ModelAdmin is deprecated in APPPATH\Controllers\Admin.php on line 12.
 1 SYSTEMPATH\CodeIgniter.php(906): App\Controllers\Admin->__construct()
 2 SYSTEMPATH\CodeIgniter.php(490): CodeIgniter\CodeIgniter->createController()
 3 SYSTEMPATH\CodeIgniter.php(368): CodeIgniter\CodeIgniter->handleRequest(null, Object(Config\Cache), false)
 4 FCPATH\index.php(67): CodeIgniter\CodeIgniter->run()
 5 SYSTEMPATH\Commands\Server\rewrite.php(47): require_once('C:\\xampp\\htdocs\\ppdb_online_ci4\\public\\index.php')
WARNING - 2023-04-27 23:59:40 --> [DEPRECATED] Creation of dynamic property App\Controllers\Auth::$ModelAuth is deprecated in APPPATH\Controllers\Auth.php on line 13.
 1 SYSTEMPATH\CodeIgniter.php(906): App\Controllers\Auth->__construct()
 2 SYSTEMPATH\CodeIgniter.php(490): CodeIgniter\CodeIgniter->createController()
 3 SYSTEMPATH\CodeIgniter.php(368): CodeIgniter\CodeIgniter->handleRequest(null, Object(Config\Cache), false)
 4 FCPATH\index.php(67): CodeIgniter\CodeIgniter->run()
 5 SYSTEMPATH\Commands\Server\rewrite.php(47): require_once('C:\\xampp\\htdocs\\ppdb_online_ci4\\public\\index.php')
INFO - 2023-04-27 23:59:40 --> Session: Class initialized using 'CodeIgniter\Session\Handlers\FileHandler' driver.
WARNING - 2023-04-27 23:59:40 --> [DEPRECATED] Creation of dynamic property App\Controllers\Auth::$ModelAuth is deprecated in APPPATH\Controllers\Auth.php on line 13.
 1 SYSTEMPATH\CodeIgniter.php(906): App\Controllers\Auth->__construct()
 2 SYSTEMPATH\CodeIgniter.php(490): CodeIgniter\CodeIgniter->createController()
 3 SYSTEMPATH\CodeIgniter.php(368): CodeIgniter\CodeIgniter->handleRequest(null, Object(Config\Cache), false)
 4 FCPATH\index.php(67): CodeIgniter\CodeIgniter->run()
 5 SYSTEMPATH\Commands\Server\rewrite.php(47): require_once('C:\\xampp\\htdocs\\ppdb_online_ci4\\public\\index.php')
INFO - 2023-04-27 23:59:40 --> Session: Class initialized using 'CodeIgniter\Session\Handlers\FileHandler' driver.
WARNING - 2023-04-27 23:59:47 --> [DEPRECATED] Creation of dynamic property App\Controllers\Pendaftaran::$ModelTa is deprecated in APPPATH\Controllers\Pendaftaran.php on line 12.
 1 SYSTEMPATH\CodeIgniter.php(906): App\Controllers\Pendaftaran->__construct()
 2 SYSTEMPATH\CodeIgniter.php(490): CodeIgniter\CodeIgniter->createController()
 3 SYSTEMPATH\CodeIgniter.php(368): CodeIgniter\CodeIgniter->handleRequest(null, Object(Config\Cache), false)
 4 FCPATH\index.php(67): CodeIgniter\CodeIgniter->run()
 5 SYSTEMPATH\Commands\Server\rewrite.php(47): require_once('C:\\xampp\\htdocs\\ppdb_online_ci4\\public\\index.php')
WARNING - 2023-04-27 23:59:48 --> [DEPRECATED] Creation of dynamic property App\Controllers\Pendaftaran::$ModelTa is deprecated in APPPATH\Controllers\Pendaftaran.php on line 12.
 1 SYSTEMPATH\CodeIgniter.php(906): App\Controllers\Pendaftaran->__construct()
 2 SYSTEMPATH\CodeIgniter.php(490): CodeIgniter\CodeIgniter->createController()
 3 SYSTEMPATH\CodeIgniter.php(368): CodeIgniter\CodeIgniter->handleRequest(null, Object(Config\Cache), false)
 4 FCPATH\index.php(67): CodeIgniter\CodeIgniter->run()
 5 SYSTEMPATH\Commands\Server\rewrite.php(47): require_once('C:\\xampp\\htdocs\\ppdb_online_ci4\\public\\index.php')
WARNING - 2023-04-27 23:59:50 --> [DEPRECATED] Creation of dynamic property App\Controllers\Pendaftaran::$ModelTa is deprecated in APPPATH\Controllers\Pendaftaran.php on line 12.
 1 SYSTEMPATH\CodeIgniter.php(906): App\Controllers\Pendaftaran->__construct()
 2 SYSTEMPATH\CodeIgniter.php(490): CodeIgniter\CodeIgniter->createController()
 3 SYSTEMPATH\CodeIgniter.php(368): CodeIgniter\CodeIgniter->handleRequest(null, Object(Config\Cache), false)
 4 FCPATH\index.php(67): CodeIgniter\CodeIgniter->run()
 5 SYSTEMPATH\Commands\Server\rewrite.php(47): require_once('C:\\xampp\\htdocs\\ppdb_online_ci4\\public\\index.php')
